{"numFailedTestSuites":0,"numFailedTests":0,"numPassedTestSuites":3,"numPassedTests":14,"numPendingTestSuites":0,"numPendingTests":0,"numRuntimeErrorTestSuites":0,"numTodoTests":0,"numTotalTestSuites":3,"numTotalTests":14,"openHandles":[],"snapshot":{"added":0,"didUpdate":false,"failure":false,"filesAdded":0,"filesRemoved":0,"filesRemovedList":[],"filesUnmatched":0,"filesUpdated":0,"matched":0,"total":0,"unchecked":0,"uncheckedKeysByFile":[],"unmatched":0,"updated":0},"startTime":1756247807315,"success":true,"testResults":[{"assertionResults":[{"ancestorTitles":["Agenda"],"duration":21,"failing":false,"failureDetails":[],"failureMessages":[],"fullName":"Agenda should be empty initially","invocations":1,"location":null,"numPassingAsserts":2,"retryReasons":[],"startAt":1756247814582,"status":"passed","title":"should be empty initially"},{"ancestorTitles":["Agenda"],"duration":43,"failing":false,"failureDetails":[],"failureMessages":[],"fullName":"Agenda should add an item and increase size","invocations":1,"location":null,"numPassingAsserts":2,"retryReasons":[],"startAt":1756247814604,"status":"passed","title":"should add an item and increase size"},{"ancestorTitles":["Agenda"],"duration":4,"failing":false,"failureDetails":[],"failureMessages":[],"fullName":"Agenda should maintain priority order with synchronous pop","invocations":1,"location":null,"numPassingAsserts":9,"retryReasons":[],"startAt":1756247814648,"status":"passed","title":"should maintain priority order with synchronous pop"},{"ancestorTitles":["Agenda"],"duration":1,"failing":false,"failureDetails":[],"failureMessages":[],"fullName":"Agenda should update attention and re-prioritize","invocations":1,"location":null,"numPassingAsserts":2,"retryReasons":[],"startAt":1756247814653,"status":"passed","title":"should update attention and re-prioritize"},{"ancestorTitles":["Agenda"],"duration":2,"failing":false,"failureDetails":[],"failureMessages":[],"fullName":"Agenda should remove an item","invocations":1,"location":null,"numPassingAsserts":4,"retryReasons":[],"startAt":1756247814654,"status":"passed","title":"should remove an item"},{"ancestorTitles":["Agenda"],"duration":1,"failing":false,"failureDetails":[],"failureMessages":[],"fullName":"Agenda should handle removing a non-existent item","invocations":1,"location":null,"numPassingAsserts":2,"retryReasons":[],"startAt":1756247814657,"status":"passed","title":"should handle removing a non-existent item"},{"ancestorTitles":["Agenda"],"duration":52,"failing":false,"failureDetails":[],"failureMessages":[],"fullName":"Agenda pop_async should block until an item is available","invocations":1,"location":null,"numPassingAsserts":2,"retryReasons":[],"startAt":1756247814658,"status":"passed","title":"pop_async should block until an item is available"}],"endTime":1756247814713,"message":"","name":"/app/tests/agenda.test.ts","startTime":1756247808961,"status":"passed","summary":""},{"assertionResults":[{"ancestorTitles":["WorldModel (Async)"],"duration":24,"failing":false,"failureDetails":[],"failureMessages":[],"fullName":"WorldModel (Async) should add and get an atom","invocations":1,"location":null,"numPassingAsserts":1,"retryReasons":[],"startAt":1756247820062,"status":"passed","title":"should add and get an atom"},{"ancestorTitles":["WorldModel (Async)"],"duration":10,"failing":false,"failureDetails":[],"failureMessages":[],"fullName":"WorldModel (Async) should add and get an item","invocations":1,"location":null,"numPassingAsserts":1,"retryReasons":[],"startAt":1756247820087,"status":"passed","title":"should add and get an item"},{"ancestorTitles":["WorldModel (Async)"],"duration":15,"failing":false,"failureDetails":[],"failureMessages":[],"fullName":"WorldModel (Async) should add a new belief if none exists for the atom","invocations":1,"location":null,"numPassingAsserts":1,"retryReasons":[],"startAt":1756247820097,"status":"passed","title":"should add a new belief if none exists for the atom"},{"ancestorTitles":["WorldModel (Async)"],"duration":17,"failing":false,"failureDetails":[],"failureMessages":[],"fullName":"WorldModel (Async) should revise an existing belief","invocations":1,"location":null,"numPassingAsserts":2,"retryReasons":[],"startAt":1756247820112,"status":"passed","title":"should revise an existing belief"},{"ancestorTitles":["WorldModel (Async)"],"duration":7,"failing":false,"failureDetails":[],"failureMessages":[],"fullName":"WorldModel (Async) should get items by filter","invocations":1,"location":null,"numPassingAsserts":2,"retryReasons":[],"startAt":1756247820129,"status":"passed","title":"should get items by filter"},{"ancestorTitles":["WorldModel (Async)"],"duration":6,"failing":false,"failureDetails":[],"failureMessages":[],"fullName":"WorldModel (Async) should query by symbolic pattern","invocations":1,"location":null,"numPassingAsserts":2,"retryReasons":[],"startAt":1756247820136,"status":"passed","title":"should query by symbolic pattern"}],"endTime":1756247820155,"message":"","name":"/app/tests/world-model.test.ts","startTime":1756247808961,"status":"passed","summary":""},{"assertionResults":[{"ancestorTitles":["Cognitive Architecture Integration Test"],"duration":250,"failing":false,"failureDetails":[],"failureMessages":[],"fullName":"Cognitive Architecture Integration Test Should perceive data, reason to create a goal, and execute the goal","invocations":1,"location":null,"numPassingAsserts":12,"retryReasons":[],"startAt":1756247819933,"status":"passed","title":"Should perceive data, reason to create a goal, and execute the goal"}],"endTime":1756247820186,"message":"","name":"/app/tests/integration.test.ts","startTime":1756247808964,"status":"passed","summary":""}],"wasInterrupted":false,"coverageMap":{"/app/src/components/agenda.ts":{"path":"/app/src/components/agenda.ts","statementMap":{"0":{"start":{"line":3,"column":0},"end":{"line":3,"column":54}},"1":{"start":{"line":9,"column":50},"end":{"line":9,"column":52}},"2":{"start":{"line":13,"column":8},"end":{"line":13,"column":61}},"3":{"start":{"line":17,"column":8},"end":{"line":23,"column":9}},"4":{"start":{"line":18,"column":29},"end":{"line":18,"column":58}},"5":{"start":{"line":19,"column":12},"end":{"line":22,"column":13}},"6":{"start":{"line":20,"column":16},"end":{"line":20,"column":31}},"7":{"start":{"line":21,"column":16},"end":{"line":21,"column":23}},"8":{"start":{"line":24,"column":8},"end":{"line":24,"column":55}},"9":{"start":{"line":28,"column":8},"end":{"line":30,"column":9}},"10":{"start":{"line":29,"column":12},"end":{"line":29,"column":24}},"11":{"start":{"line":31,"column":21},"end":{"line":31,"column":37}},"12":{"start":{"line":32,"column":8},"end":{"line":32,"column":40}},"13":{"start":{"line":36,"column":21},"end":{"line":36,"column":31}},"14":{"start":{"line":37,"column":8},"end":{"line":39,"column":9}},"15":{"start":{"line":38,"column":12},"end":{"line":38,"column":24}},"16":{"start":{"line":41,"column":8},"end":{"line":43,"column":11}},"17":{"start":{"line":42,"column":12},"end":{"line":42,"column":48}},"18":{"start":{"line":47,"column":21},"end":{"line":47,"column":38}},"19":{"start":{"line":48,"column":8},"end":{"line":48,"column":40}},"20":{"start":{"line":52,"column":8},"end":{"line":52,"column":33}},"21":{"start":{"line":56,"column":29},"end":{"line":56,"column":47}},"22":{"start":{"line":57,"column":8},"end":{"line":60,"column":9}},"23":{"start":{"line":58,"column":12},"end":{"line":58,"column":44}},"24":{"start":{"line":59,"column":12},"end":{"line":59,"column":61}},"25":{"start":{"line":64,"column":29},"end":{"line":64,"column":47}},"26":{"start":{"line":65,"column":8},"end":{"line":67,"column":9}},"27":{"start":{"line":66,"column":12},"end":{"line":66,"column":51}},"28":{"start":{"line":68,"column":8},"end":{"line":68,"column":21}},"29":{"start":{"line":73,"column":8},"end":{"line":73,"column":36}},"30":{"start":{"line":77,"column":8},"end":{"line":77,"column":34}},"31":{"start":{"line":7,"column":0},"end":{"line":7,"column":13}}},"fnMap":{"0":{"name":"(anonymous_0)","decl":{"start":{"line":11,"column":4},"end":{"line":11,"column":null}},"loc":{"start":{"line":11,"column":4},"end":{"line":14,"column":5}}},"1":{"name":"(anonymous_1)","decl":{"start":{"line":16,"column":4},"end":{"line":16,"column":8}},"loc":{"start":{"line":16,"column":28},"end":{"line":25,"column":5}}},"2":{"name":"(anonymous_2)","decl":{"start":{"line":27,"column":4},"end":{"line":27,"column":7}},"loc":{"start":{"line":27,"column":7},"end":{"line":33,"column":5}}},"3":{"name":"(anonymous_3)","decl":{"start":{"line":35,"column":4},"end":{"line":35,"column":9}},"loc":{"start":{"line":35,"column":19},"end":{"line":44,"column":5}}},"4":{"name":"(anonymous_4)","decl":{"start":{"line":41,"column":42},"end":{"line":41,"column":43}},"loc":{"start":{"line":41,"column":54},"end":{"line":43,"column":9}}},"5":{"name":"(anonymous_5)","decl":{"start":{"line":46,"column":4},"end":{"line":46,"column":8}},"loc":{"start":{"line":46,"column":8},"end":{"line":49,"column":5}}},"6":{"name":"(anonymous_6)","decl":{"start":{"line":51,"column":4},"end":{"line":51,"column":8}},"loc":{"start":{"line":51,"column":8},"end":{"line":53,"column":5}}},"7":{"name":"(anonymous_7)","decl":{"start":{"line":55,"column":4},"end":{"line":55,"column":19}},"loc":{"start":{"line":55,"column":52},"end":{"line":61,"column":5}}},"8":{"name":"(anonymous_8)","decl":{"start":{"line":63,"column":4},"end":{"line":63,"column":10}},"loc":{"start":{"line":63,"column":19},"end":{"line":69,"column":5}}},"9":{"name":"(anonymous_9)","decl":{"start":{"line":72,"column":4},"end":{"line":72,"column":15}},"loc":{"start":{"line":72,"column":15},"end":{"line":74,"column":5}}},"10":{"name":"(anonymous_10)","decl":{"start":{"line":76,"column":4},"end":{"line":76,"column":7}},"loc":{"start":{"line":76,"column":16},"end":{"line":78,"column":5}}}},"branchMap":{"0":{"loc":{"start":{"line":17,"column":8},"end":{"line":23,"column":9}},"type":"if","locations":[{"start":{"line":17,"column":8},"end":{"line":23,"column":9}},{"start":{},"end":{}}]},"1":{"loc":{"start":{"line":19,"column":12},"end":{"line":22,"column":13}},"type":"if","locations":[{"start":{"line":19,"column":12},"end":{"line":22,"column":13}},{"start":{},"end":{}}]},"2":{"loc":{"start":{"line":28,"column":8},"end":{"line":30,"column":9}},"type":"if","locations":[{"start":{"line":28,"column":8},"end":{"line":30,"column":9}},{"start":{},"end":{}}]},"3":{"loc":{"start":{"line":32,"column":15},"end":{"line":32,"column":39}},"type":"cond-expr","locations":[{"start":{"line":32,"column":22},"end":{"line":32,"column":32}},{"start":{"line":32,"column":35},"end":{"line":32,"column":39}}]},"4":{"loc":{"start":{"line":37,"column":8},"end":{"line":39,"column":9}},"type":"if","locations":[{"start":{"line":37,"column":8},"end":{"line":39,"column":9}},{"start":{},"end":{}}]},"5":{"loc":{"start":{"line":48,"column":15},"end":{"line":48,"column":39}},"type":"cond-expr","locations":[{"start":{"line":48,"column":22},"end":{"line":48,"column":32}},{"start":{"line":48,"column":35},"end":{"line":48,"column":39}}]},"6":{"loc":{"start":{"line":57,"column":8},"end":{"line":60,"column":9}},"type":"if","locations":[{"start":{"line":57,"column":8},"end":{"line":60,"column":9}},{"start":{},"end":{}}]},"7":{"loc":{"start":{"line":65,"column":8},"end":{"line":67,"column":9}},"type":"if","locations":[{"start":{"line":65,"column":8},"end":{"line":67,"column":9}},{"start":{},"end":{}}]}},"s":{"0":2,"1":8,"2":8,"3":13,"4":1,"5":1,"6":1,"7":1,"8":12,"9":8,"10":2,"11":6,"12":6,"13":1,"14":1,"15":0,"16":1,"17":1,"18":9,"19":9,"20":14,"21":1,"22":1,"23":1,"24":1,"25":2,"26":2,"27":1,"28":1,"29":0,"30":4,"31":2},"f":{"0":8,"1":13,"2":8,"3":1,"4":1,"5":9,"6":14,"7":1,"8":2,"9":0,"10":4},"b":{"0":[1,12],"1":[1,0],"2":[2,6],"3":[6,0],"4":[0,1],"5":[8,1],"6":[1,0],"7":[1,1]}},"/app/src/lib/priority-queue.ts":{"path":"/app/src/lib/priority-queue.ts","statementMap":{"0":{"start":{"line":8,"column":12},"end":{"line":8,"column":13}},"1":{"start":{"line":9,"column":15},"end":{"line":9,"column":49}},"2":{"start":{"line":9,"column":30},"end":{"line":9,"column":49}},"3":{"start":{"line":10,"column":13},"end":{"line":10,"column":40}},"4":{"start":{"line":10,"column":28},"end":{"line":10,"column":40}},"5":{"start":{"line":11,"column":14},"end":{"line":11,"column":41}},"6":{"start":{"line":11,"column":29},"end":{"line":11,"column":41}},"7":{"start":{"line":19,"column":8},"end":{"line":19,"column":24}},"8":{"start":{"line":20,"column":8},"end":{"line":20,"column":49}},"9":{"start":{"line":21,"column":8},"end":{"line":25,"column":9}},"10":{"start":{"line":22,"column":12},"end":{"line":22,"column":65}},"11":{"start":{"line":22,"column":41},"end":{"line":22,"column":64}},"12":{"start":{"line":24,"column":12},"end":{"line":24,"column":65}},"13":{"start":{"line":24,"column":41},"end":{"line":24,"column":64}},"14":{"start":{"line":29,"column":8},"end":{"line":29,"column":33}},"15":{"start":{"line":33,"column":8},"end":{"line":33,"column":33}},"16":{"start":{"line":37,"column":8},"end":{"line":37,"column":62}},"17":{"start":{"line":41,"column":21},"end":{"line":41,"column":40}},"18":{"start":{"line":42,"column":8},"end":{"line":42,"column":30}},"19":{"start":{"line":43,"column":8},"end":{"line":43,"column":52}},"20":{"start":{"line":44,"column":8},"end":{"line":44,"column":23}},"21":{"start":{"line":45,"column":8},"end":{"line":45,"column":27}},"22":{"start":{"line":49,"column":8},"end":{"line":51,"column":9}},"23":{"start":{"line":50,"column":12},"end":{"line":50,"column":24}},"24":{"start":{"line":52,"column":28},"end":{"line":52,"column":39}},"25":{"start":{"line":53,"column":23},"end":{"line":53,"column":38}},"26":{"start":{"line":54,"column":8},"end":{"line":56,"column":9}},"27":{"start":{"line":55,"column":12},"end":{"line":55,"column":36}},"28":{"start":{"line":57,"column":8},"end":{"line":57,"column":25}},"29":{"start":{"line":58,"column":8},"end":{"line":60,"column":9}},"30":{"start":{"line":59,"column":12},"end":{"line":59,"column":54}},"31":{"start":{"line":61,"column":8},"end":{"line":61,"column":25}},"32":{"start":{"line":62,"column":8},"end":{"line":62,"column":27}},"33":{"start":{"line":66,"column":22},"end":{"line":66,"column":48}},"34":{"start":{"line":67,"column":8},"end":{"line":69,"column":9}},"35":{"start":{"line":68,"column":12},"end":{"line":68,"column":25}},"36":{"start":{"line":71,"column":23},"end":{"line":71,"column":38}},"37":{"start":{"line":72,"column":8},"end":{"line":74,"column":9}},"38":{"start":{"line":73,"column":12},"end":{"line":73,"column":38}},"39":{"start":{"line":75,"column":8},"end":{"line":75,"column":25}},"40":{"start":{"line":76,"column":8},"end":{"line":76,"column":38}},"41":{"start":{"line":79,"column":8},"end":{"line":83,"column":9}},"42":{"start":{"line":80,"column":30},"end":{"line":80,"column":47}},"43":{"start":{"line":81,"column":12},"end":{"line":81,"column":36}},"44":{"start":{"line":82,"column":12},"end":{"line":82,"column":38}},"45":{"start":{"line":85,"column":8},"end":{"line":85,"column":20}},"46":{"start":{"line":89,"column":22},"end":{"line":89,"column":48}},"47":{"start":{"line":90,"column":8},"end":{"line":93,"column":9}},"48":{"start":{"line":91,"column":12},"end":{"line":91,"column":39}},"49":{"start":{"line":92,"column":12},"end":{"line":92,"column":19}},"50":{"start":{"line":95,"column":28},"end":{"line":95,"column":54}},"51":{"start":{"line":96,"column":8},"end":{"line":96,"column":46}},"52":{"start":{"line":98,"column":8},"end":{"line":102,"column":9}},"53":{"start":{"line":99,"column":12},"end":{"line":99,"column":36}},"54":{"start":{"line":101,"column":12},"end":{"line":101,"column":38}},"55":{"start":{"line":106,"column":8},"end":{"line":106,"column":62}},"56":{"start":{"line":110,"column":22},"end":{"line":110,"column":35}},"57":{"start":{"line":111,"column":22},"end":{"line":111,"column":35}},"58":{"start":{"line":112,"column":8},"end":{"line":112,"column":44}},"59":{"start":{"line":113,"column":8},"end":{"line":113,"column":44}},"60":{"start":{"line":114,"column":8},"end":{"line":114,"column":72}},"61":{"start":{"line":118,"column":8},"end":{"line":118,"column":42}},"62":{"start":{"line":122,"column":19},"end":{"line":122,"column":28}},"63":{"start":{"line":123,"column":8},"end":{"line":126,"column":9}},"64":{"start":{"line":124,"column":12},"end":{"line":124,"column":43}},"65":{"start":{"line":125,"column":12},"end":{"line":125,"column":32}},"66":{"start":{"line":130,"column":8},"end":{"line":130,"column":32}},"67":{"start":{"line":134,"column":19},"end":{"line":134,"column":28}},"68":{"start":{"line":135,"column":8},"end":{"line":142,"column":9}},"69":{"start":{"line":139,"column":29},"end":{"line":139,"column":125}},"70":{"start":{"line":140,"column":12},"end":{"line":140,"column":39}},"71":{"start":{"line":141,"column":12},"end":{"line":141,"column":28}},"72":{"start":{"line":146,"column":8},"end":{"line":146,"column":50}},"73":{"start":{"line":146,"column":38},"end":{"line":146,"column":48}},"74":{"start":{"line":150,"column":8},"end":{"line":150,"column":24}},"75":{"start":{"line":151,"column":8},"end":{"line":151,"column":29}},"76":{"start":{"line":155,"column":22},"end":{"line":155,"column":42}},"77":{"start":{"line":156,"column":8},"end":{"line":158,"column":9}},"78":{"start":{"line":157,"column":12},"end":{"line":157,"column":43}},"79":{"start":{"line":159,"column":8},"end":{"line":159,"column":20}},"80":{"start":{"line":13,"column":0},"end":{"line":13,"column":13}}},"fnMap":{"0":{"name":"(anonymous_0)","decl":{"start":{"line":9,"column":15},"end":{"line":9,"column":16}},"loc":{"start":{"line":9,"column":30},"end":{"line":9,"column":49}}},"1":{"name":"(anonymous_1)","decl":{"start":{"line":10,"column":13},"end":{"line":10,"column":14}},"loc":{"start":{"line":10,"column":28},"end":{"line":10,"column":40}}},"2":{"name":"(anonymous_2)","decl":{"start":{"line":11,"column":14},"end":{"line":11,"column":15}},"loc":{"start":{"line":11,"column":29},"end":{"line":11,"column":41}}},"3":{"name":"(anonymous_3)","decl":{"start":{"line":18,"column":4},"end":{"line":18,"column":16}},"loc":{"start":{"line":18,"column":39},"end":{"line":26,"column":5}}},"4":{"name":"(anonymous_4)","decl":{"start":{"line":22,"column":31},"end":{"line":22,"column":32}},"loc":{"start":{"line":22,"column":41},"end":{"line":22,"column":64}}},"5":{"name":"(anonymous_5)","decl":{"start":{"line":24,"column":31},"end":{"line":24,"column":32}},"loc":{"start":{"line":24,"column":41},"end":{"line":24,"column":64}}},"6":{"name":"(anonymous_6)","decl":{"start":{"line":28,"column":4},"end":{"line":28,"column":8}},"loc":{"start":{"line":28,"column":8},"end":{"line":30,"column":5}}},"7":{"name":"(anonymous_7)","decl":{"start":{"line":32,"column":4},"end":{"line":32,"column":11}},"loc":{"start":{"line":32,"column":11},"end":{"line":34,"column":5}}},"8":{"name":"(anonymous_8)","decl":{"start":{"line":36,"column":4},"end":{"line":36,"column":8}},"loc":{"start":{"line":36,"column":8},"end":{"line":38,"column":5}}},"9":{"name":"(anonymous_9)","decl":{"start":{"line":40,"column":4},"end":{"line":40,"column":8}},"loc":{"start":{"line":40,"column":35},"end":{"line":46,"column":5}}},"10":{"name":"(anonymous_10)","decl":{"start":{"line":48,"column":4},"end":{"line":48,"column":7}},"loc":{"start":{"line":48,"column":7},"end":{"line":63,"column":5}}},"11":{"name":"(anonymous_11)","decl":{"start":{"line":65,"column":4},"end":{"line":65,"column":10}},"loc":{"start":{"line":65,"column":19},"end":{"line":86,"column":5}}},"12":{"name":"(anonymous_12)","decl":{"start":{"line":88,"column":4},"end":{"line":88,"column":10}},"loc":{"start":{"line":88,"column":37},"end":{"line":103,"column":5}}},"13":{"name":"(anonymous_13)","decl":{"start":{"line":105,"column":12},"end":{"line":105,"column":20}},"loc":{"start":{"line":105,"column":41},"end":{"line":107,"column":5}}},"14":{"name":"(anonymous_14)","decl":{"start":{"line":109,"column":12},"end":{"line":109,"column":17}},"loc":{"start":{"line":109,"column":38},"end":{"line":115,"column":5}}},"15":{"name":"(anonymous_15)","decl":{"start":{"line":117,"column":12},"end":{"line":117,"column":19}},"loc":{"start":{"line":117,"column":19},"end":{"line":119,"column":5}}},"16":{"name":"(anonymous_16)","decl":{"start":{"line":121,"column":12},"end":{"line":121,"column":23}},"loc":{"start":{"line":121,"column":41},"end":{"line":127,"column":5}}},"17":{"name":"(anonymous_17)","decl":{"start":{"line":129,"column":12},"end":{"line":129,"column":21}},"loc":{"start":{"line":129,"column":21},"end":{"line":131,"column":5}}},"18":{"name":"(anonymous_18)","decl":{"start":{"line":133,"column":12},"end":{"line":133,"column":25}},"loc":{"start":{"line":133,"column":43},"end":{"line":143,"column":5}}},"19":{"name":"(anonymous_19)","decl":{"start":{"line":145,"column":4},"end":{"line":145,"column":11}},"loc":{"start":{"line":145,"column":11},"end":{"line":147,"column":5}}},"20":{"name":"(anonymous_20)","decl":{"start":{"line":146,"column":30},"end":{"line":146,"column":34}},"loc":{"start":{"line":146,"column":38},"end":{"line":146,"column":48}}},"21":{"name":"(anonymous_21)","decl":{"start":{"line":149,"column":4},"end":{"line":149,"column":9}},"loc":{"start":{"line":149,"column":9},"end":{"line":152,"column":5}}},"22":{"name":"(anonymous_22)","decl":{"start":{"line":154,"column":4},"end":{"line":154,"column":7}},"loc":{"start":{"line":154,"column":18},"end":{"line":160,"column":5}}}},"branchMap":{"0":{"loc":{"start":{"line":21,"column":8},"end":{"line":25,"column":9}},"type":"if","locations":[{"start":{"line":21,"column":8},"end":{"line":25,"column":9}},{"start":{"line":23,"column":15},"end":{"line":25,"column":9}}]},"1":{"loc":{"start":{"line":37,"column":15},"end":{"line":37,"column":61}},"type":"cond-expr","locations":[{"start":{"line":37,"column":39},"end":{"line":37,"column":54}},{"start":{"line":37,"column":57},"end":{"line":37,"column":61}}]},"2":{"loc":{"start":{"line":49,"column":8},"end":{"line":51,"column":9}},"type":"if","locations":[{"start":{"line":49,"column":8},"end":{"line":51,"column":9}},{"start":{},"end":{}}]},"3":{"loc":{"start":{"line":54,"column":8},"end":{"line":56,"column":9}},"type":"if","locations":[{"start":{"line":54,"column":8},"end":{"line":56,"column":9}},{"start":{},"end":{}}]},"4":{"loc":{"start":{"line":58,"column":8},"end":{"line":60,"column":9}},"type":"if","locations":[{"start":{"line":58,"column":8},"end":{"line":60,"column":9}},{"start":{},"end":{}}]},"5":{"loc":{"start":{"line":67,"column":8},"end":{"line":69,"column":9}},"type":"if","locations":[{"start":{"line":67,"column":8},"end":{"line":69,"column":9}},{"start":{},"end":{}}]},"6":{"loc":{"start":{"line":72,"column":8},"end":{"line":74,"column":9}},"type":"if","locations":[{"start":{"line":72,"column":8},"end":{"line":74,"column":9}},{"start":{},"end":{}}]},"7":{"loc":{"start":{"line":79,"column":8},"end":{"line":83,"column":9}},"type":"if","locations":[{"start":{"line":79,"column":8},"end":{"line":83,"column":9}},{"start":{},"end":{}}]},"8":{"loc":{"start":{"line":90,"column":8},"end":{"line":93,"column":9}},"type":"if","locations":[{"start":{"line":90,"column":8},"end":{"line":93,"column":9}},{"start":{},"end":{}}]},"9":{"loc":{"start":{"line":98,"column":8},"end":{"line":102,"column":9}},"type":"if","locations":[{"start":{"line":98,"column":8},"end":{"line":102,"column":9}},{"start":{"line":100,"column":15},"end":{"line":102,"column":9}}]},"10":{"loc":{"start":{"line":123,"column":15},"end":{"line":123,"column":62}},"type":"binary-expr","locations":[{"start":{"line":123,"column":15},"end":{"line":123,"column":25}},{"start":{"line":123,"column":29},"end":{"line":123,"column":62}}]},"11":{"loc":{"start":{"line":136,"column":12},"end":{"line":137,"column":75}},"type":"binary-expr","locations":[{"start":{"line":136,"column":13},"end":{"line":136,"column":37}},{"start":{"line":136,"column":41},"end":{"line":136,"column":72}},{"start":{"line":137,"column":13},"end":{"line":137,"column":38}},{"start":{"line":137,"column":42},"end":{"line":137,"column":74}}]},"12":{"loc":{"start":{"line":139,"column":29},"end":{"line":139,"column":125}},"type":"cond-expr","locations":[{"start":{"line":139,"column":101},"end":{"line":139,"column":112}},{"start":{"line":139,"column":115},"end":{"line":139,"column":125}}]},"13":{"loc":{"start":{"line":139,"column":30},"end":{"line":139,"column":97}},"type":"binary-expr","locations":[{"start":{"line":139,"column":30},"end":{"line":139,"column":55}},{"start":{"line":139,"column":59},"end":{"line":139,"column":97}}]},"14":{"loc":{"start":{"line":156,"column":8},"end":{"line":158,"column":9}},"type":"if","locations":[{"start":{"line":156,"column":8},"end":{"line":158,"column":9}},{"start":{},"end":{}}]}},"s":{"0":2,"1":2,"2":13,"3":2,"4":7,"5":2,"6":6,"7":8,"8":8,"9":8,"10":8,"11":7,"12":0,"13":0,"14":84,"15":14,"16":15,"17":12,"18":12,"19":12,"20":12,"21":12,"22":6,"23":0,"24":6,"25":6,"26":6,"27":2,"28":6,"29":6,"30":6,"31":6,"32":6,"33":1,"34":1,"35":0,"36":1,"37":1,"38":0,"39":1,"40":1,"41":1,"42":0,"43":0,"44":0,"45":1,"46":1,"47":1,"48":0,"49":0,"50":1,"51":1,"52":1,"53":1,"54":0,"55":6,"56":6,"57":6,"58":6,"59":6,"60":6,"61":12,"62":13,"63":13,"64":4,"65":4,"66":6,"67":6,"68":6,"69":0,"70":0,"71":0,"72":0,"73":0,"74":0,"75":0,"76":7,"77":7,"78":2,"79":5,"80":2},"f":{"0":13,"1":7,"2":6,"3":8,"4":7,"5":0,"6":84,"7":14,"8":15,"9":12,"10":6,"11":1,"12":1,"13":6,"14":6,"15":12,"16":13,"17":6,"18":6,"19":0,"20":0,"21":0,"22":7},"b":{"0":[8,0],"1":[14,1],"2":[0,6],"3":[2,4],"4":[6,0],"5":[0,1],"6":[0,1],"7":[0,1],"8":[0,1],"9":[1,0],"10":[17,5],"11":[6,1,6,0],"12":[0,0],"13":[0,0],"14":[2,5]}},"/app/src/components/world-model.ts":{"path":"/app/src/components/world-model.ts","statementMap":{"0":{"start":{"line":15,"column":0},"end":{"line":15,"column":47}},"1":{"start":{"line":18,"column":0},"end":{"line":18,"column":null}},"2":{"start":{"line":25,"column":0},"end":{"line":25,"column":65}},"3":{"start":{"line":26,"column":0},"end":{"line":26,"column":58}},"4":{"start":{"line":27,"column":0},"end":{"line":27,"column":70}},"5":{"start":{"line":29,"column":0},"end":{"line":29,"column":31}},"6":{"start":{"line":31,"column":22},"end":{"line":31,"column":25}},"7":{"start":{"line":34,"column":47},"end":{"line":47,"column":2}},"8":{"start":{"line":49,"column":48},"end":{"line":68,"column":2}},"9":{"start":{"line":73,"column":19},"end":{"line":73,"column":38}},"10":{"start":{"line":74,"column":19},"end":{"line":74,"column":38}},"11":{"start":{"line":75,"column":23},"end":{"line":75,"column":30}},"12":{"start":{"line":76,"column":8},"end":{"line":76,"column":65}},"13":{"start":{"line":76,"column":26},"end":{"line":76,"column":65}},"14":{"start":{"line":77,"column":26},"end":{"line":77,"column":86}},"15":{"start":{"line":78,"column":27},"end":{"line":78,"column":62}},"16":{"start":{"line":79,"column":8},"end":{"line":79,"column":41}},"17":{"start":{"line":82,"column":8},"end":{"line":82,"column":101}},"18":{"start":{"line":71,"column":0},"end":{"line":71,"column":13}},"19":{"start":{"line":91,"column":35},"end":{"line":91,"column":61}},"20":{"start":{"line":96,"column":28},"end":{"line":96,"column":51}},"21":{"start":{"line":97,"column":24},"end":{"line":97,"column":25}},"22":{"start":{"line":102,"column":22},"end":{"line":102,"column":38}},"23":{"start":{"line":103,"column":8},"end":{"line":103,"column":41}},"24":{"start":{"line":104,"column":8},"end":{"line":104,"column":21}},"25":{"start":{"line":108,"column":8},"end":{"line":108,"column":33}},"26":{"start":{"line":109,"column":8},"end":{"line":112,"column":11}},"27":{"start":{"line":113,"column":28},"end":{"line":116,"column":10}},"28":{"start":{"line":117,"column":8},"end":{"line":117,"column":39}},"29":{"start":{"line":118,"column":8},"end":{"line":118,"column":39}},"30":{"start":{"line":121,"column":8},"end":{"line":121,"column":74}},"31":{"start":{"line":122,"column":8},"end":{"line":122,"column":44}},"32":{"start":{"line":126,"column":8},"end":{"line":126,"column":30}},"33":{"start":{"line":130,"column":8},"end":{"line":130,"column":38}},"34":{"start":{"line":131,"column":8},"end":{"line":135,"column":9}},"35":{"start":{"line":132,"column":26},"end":{"line":132,"column":42}},"36":{"start":{"line":133,"column":12},"end":{"line":133,"column":51}},"37":{"start":{"line":134,"column":12},"end":{"line":134,"column":63}},"38":{"start":{"line":136,"column":8},"end":{"line":136,"column":23}},"39":{"start":{"line":140,"column":8},"end":{"line":140,"column":38}},"40":{"start":{"line":141,"column":8},"end":{"line":141,"column":54}},"41":{"start":{"line":142,"column":8},"end":{"line":144,"column":9}},"42":{"start":{"line":143,"column":12},"end":{"line":143,"column":64}},"43":{"start":{"line":148,"column":20},"end":{"line":148,"column":55}},"44":{"start":{"line":149,"column":8},"end":{"line":156,"column":9}},"45":{"start":{"line":150,"column":30},"end":{"line":150,"column":52}},"46":{"start":{"line":151,"column":12},"end":{"line":151,"column":46}},"47":{"start":{"line":152,"column":30},"end":{"line":152,"column":52}},"48":{"start":{"line":153,"column":12},"end":{"line":155,"column":13}},"49":{"start":{"line":154,"column":16},"end":{"line":154,"column":99}},"50":{"start":{"line":160,"column":20},"end":{"line":160,"column":55}},"51":{"start":{"line":161,"column":8},"end":{"line":161,"column":48}},"52":{"start":{"line":165,"column":20},"end":{"line":165,"column":55}},"53":{"start":{"line":166,"column":8},"end":{"line":166,"column":48}},"54":{"start":{"line":170,"column":22},"end":{"line":170,"column":70}},"55":{"start":{"line":171,"column":21},"end":{"line":171,"column":39}},"56":{"start":{"line":172,"column":8},"end":{"line":172,"column":52}},"57":{"start":{"line":172,"column":31},"end":{"line":172,"column":50}},"58":{"start":{"line":176,"column":8},"end":{"line":176,"column":50}},"59":{"start":{"line":180,"column":8},"end":{"line":182,"column":9}},"60":{"start":{"line":181,"column":12},"end":{"line":181,"column":22}},"61":{"start":{"line":184,"column":23},"end":{"line":184,"column":65}},"62":{"start":{"line":185,"column":24},"end":{"line":185,"column":111}},"63":{"start":{"line":185,"column":54},"end":{"line":185,"column":83}},"64":{"start":{"line":185,"column":98},"end":{"line":185,"column":100}},"65":{"start":{"line":187,"column":8},"end":{"line":189,"column":9}},"66":{"start":{"line":188,"column":12},"end":{"line":188,"column":22}},"67":{"start":{"line":191,"column":22},"end":{"line":191,"column":84}},"68":{"start":{"line":194,"column":8},"end":{"line":194,"column":21}},"69":{"start":{"line":198,"column":8},"end":{"line":198,"column":71}},"70":{"start":{"line":198,"column":59},"end":{"line":198,"column":71}},"71":{"start":{"line":200,"column":31},"end":{"line":200,"column":109}},"72":{"start":{"line":201,"column":30},"end":{"line":201,"column":55}},"73":{"start":{"line":203,"column":8},"end":{"line":219,"column":9}},"74":{"start":{"line":205,"column":12},"end":{"line":207,"column":13}},"75":{"start":{"line":206,"column":16},"end":{"line":206,"column":102}},"76":{"start":{"line":208,"column":29},"end":{"line":208,"column":97}},"77":{"start":{"line":209,"column":12},"end":{"line":209,"column":74}},"78":{"start":{"line":212,"column":33},"end":{"line":212,"column":70}},"79":{"start":{"line":213,"column":12},"end":{"line":213,"column":32}},"80":{"start":{"line":216,"column":12},"end":{"line":216,"column":42}},"81":{"start":{"line":218,"column":12},"end":{"line":218,"column":28}},"82":{"start":{"line":223,"column":24},"end":{"line":223,"column":54}},"83":{"start":{"line":224,"column":8},"end":{"line":224,"column":30}},"84":{"start":{"line":228,"column":8},"end":{"line":228,"column":97}},"85":{"start":{"line":232,"column":25},"end":{"line":232,"column":55}},"86":{"start":{"line":233,"column":29},"end":{"line":233,"column":69}},"87":{"start":{"line":233,"column":49},"end":{"line":233,"column":68}},"88":{"start":{"line":234,"column":8},"end":{"line":234,"column":43}},"89":{"start":{"line":87,"column":0},"end":{"line":87,"column":13}}},"fnMap":{"0":{"name":"(anonymous_0)","decl":{"start":{"line":72,"column":4},"end":{"line":72,"column":9}},"loc":{"start":{"line":72,"column":52},"end":{"line":80,"column":5}}},"1":{"name":"(anonymous_1)","decl":{"start":{"line":81,"column":4},"end":{"line":81,"column":19}},"loc":{"start":{"line":81,"column":48},"end":{"line":83,"column":5}}},"2":{"name":"(anonymous_2)","decl":{"start":{"line":99,"column":4},"end":{"line":99,"column":27}},"loc":{"start":{"line":99,"column":4},"end":{"line":99,"column":28}}},"3":{"name":"(anonymous_3)","decl":{"start":{"line":101,"column":11},"end":{"line":101,"column":17}},"loc":{"start":{"line":101,"column":49},"end":{"line":105,"column":5}}},"4":{"name":"(anonymous_4)","decl":{"start":{"line":107,"column":12},"end":{"line":107,"column":17}},"loc":{"start":{"line":107,"column":47},"end":{"line":123,"column":5}}},"5":{"name":"(anonymous_5)","decl":{"start":{"line":125,"column":11},"end":{"line":125,"column":16}},"loc":{"start":{"line":125,"column":22},"end":{"line":127,"column":5}}},"6":{"name":"(anonymous_6)","decl":{"start":{"line":129,"column":4},"end":{"line":129,"column":9}},"loc":{"start":{"line":129,"column":37},"end":{"line":137,"column":5}}},"7":{"name":"(anonymous_7)","decl":{"start":{"line":139,"column":4},"end":{"line":139,"column":9}},"loc":{"start":{"line":139,"column":38},"end":{"line":145,"column":5}}},"8":{"name":"(anonymous_8)","decl":{"start":{"line":147,"column":4},"end":{"line":147,"column":9}},"loc":{"start":{"line":147,"column":61},"end":{"line":157,"column":5}}},"9":{"name":"(anonymous_9)","decl":{"start":{"line":159,"column":4},"end":{"line":159,"column":9}},"loc":{"start":{"line":159,"column":27},"end":{"line":162,"column":5}}},"10":{"name":"(anonymous_10)","decl":{"start":{"line":164,"column":4},"end":{"line":164,"column":9}},"loc":{"start":{"line":164,"column":27},"end":{"line":167,"column":5}}},"11":{"name":"(anonymous_11)","decl":{"start":{"line":169,"column":4},"end":{"line":169,"column":9}},"loc":{"start":{"line":169,"column":52},"end":{"line":173,"column":5}}},"12":{"name":"(anonymous_12)","decl":{"start":{"line":172,"column":24},"end":{"line":172,"column":27}},"loc":{"start":{"line":172,"column":31},"end":{"line":172,"column":50}}},"13":{"name":"(anonymous_13)","decl":{"start":{"line":175,"column":4},"end":{"line":175,"column":9}},"loc":{"start":{"line":175,"column":53},"end":{"line":177,"column":5}}},"14":{"name":"(anonymous_14)","decl":{"start":{"line":179,"column":4},"end":{"line":179,"column":9}},"loc":{"start":{"line":179,"column":58},"end":{"line":195,"column":5}}},"15":{"name":"(anonymous_15)","decl":{"start":{"line":185,"column":45},"end":{"line":185,"column":50}},"loc":{"start":{"line":185,"column":54},"end":{"line":185,"column":83}}},"16":{"name":"(anonymous_16)","decl":{"start":{"line":185,"column":92},"end":{"line":185,"column":94}},"loc":{"start":{"line":185,"column":98},"end":{"line":185,"column":100}}},"17":{"name":"(anonymous_17)","decl":{"start":{"line":197,"column":4},"end":{"line":197,"column":9}},"loc":{"start":{"line":197,"column":47},"end":{"line":220,"column":5}}},"18":{"name":"(anonymous_18)","decl":{"start":{"line":222,"column":4},"end":{"line":222,"column":9}},"loc":{"start":{"line":222,"column":14},"end":{"line":225,"column":5}}},"19":{"name":"(anonymous_19)","decl":{"start":{"line":227,"column":4},"end":{"line":227,"column":24}},"loc":{"start":{"line":227,"column":43},"end":{"line":229,"column":5}}},"20":{"name":"(anonymous_20)","decl":{"start":{"line":231,"column":4},"end":{"line":231,"column":9}},"loc":{"start":{"line":231,"column":67},"end":{"line":235,"column":5}}},"21":{"name":"(anonymous_21)","decl":{"start":{"line":233,"column":42},"end":{"line":233,"column":45}},"loc":{"start":{"line":233,"column":49},"end":{"line":233,"column":68}}}},"branchMap":{"0":{"loc":{"start":{"line":76,"column":8},"end":{"line":76,"column":65}},"type":"if","locations":[{"start":{"line":76,"column":8},"end":{"line":76,"column":65}},{"start":{},"end":{}}]},"1":{"loc":{"start":{"line":82,"column":15},"end":{"line":82,"column":100}},"type":"binary-expr","locations":[{"start":{"line":82,"column":15},"end":{"line":82,"column":56}},{"start":{"line":82,"column":60},"end":{"line":82,"column":78}},{"start":{"line":82,"column":82},"end":{"line":82,"column":100}}]},"2":{"loc":{"start":{"line":131,"column":8},"end":{"line":135,"column":9}},"type":"if","locations":[{"start":{"line":131,"column":8},"end":{"line":135,"column":9}},{"start":{},"end":{}}]},"3":{"loc":{"start":{"line":131,"column":12},"end":{"line":131,"column":69}},"type":"binary-expr","locations":[{"start":{"line":131,"column":12},"end":{"line":131,"column":26}},{"start":{"line":131,"column":30},"end":{"line":131,"column":69}}]},"4":{"loc":{"start":{"line":142,"column":8},"end":{"line":144,"column":9}},"type":"if","locations":[{"start":{"line":142,"column":8},"end":{"line":144,"column":9}},{"start":{},"end":{}}]},"5":{"loc":{"start":{"line":149,"column":8},"end":{"line":156,"column":9}},"type":"if","locations":[{"start":{"line":149,"column":8},"end":{"line":156,"column":9}},{"start":{},"end":{}}]},"6":{"loc":{"start":{"line":153,"column":12},"end":{"line":155,"column":13}},"type":"if","locations":[{"start":{"line":153,"column":12},"end":{"line":155,"column":13}},{"start":{},"end":{}}]},"7":{"loc":{"start":{"line":153,"column":16},"end":{"line":153,"column":60}},"type":"binary-expr","locations":[{"start":{"line":153,"column":16},"end":{"line":153,"column":33}},{"start":{"line":153,"column":37},"end":{"line":153,"column":60}}]},"8":{"loc":{"start":{"line":161,"column":15},"end":{"line":161,"column":47}},"type":"cond-expr","locations":[{"start":{"line":161,"column":21},"end":{"line":161,"column":40}},{"start":{"line":161,"column":43},"end":{"line":161,"column":47}}]},"9":{"loc":{"start":{"line":166,"column":15},"end":{"line":166,"column":47}},"type":"cond-expr","locations":[{"start":{"line":166,"column":21},"end":{"line":166,"column":40}},{"start":{"line":166,"column":43},"end":{"line":166,"column":47}}]},"10":{"loc":{"start":{"line":180,"column":8},"end":{"line":182,"column":9}},"type":"if","locations":[{"start":{"line":180,"column":8},"end":{"line":182,"column":9}},{"start":{},"end":{}}]},"11":{"loc":{"start":{"line":187,"column":8},"end":{"line":189,"column":9}},"type":"if","locations":[{"start":{"line":187,"column":8},"end":{"line":189,"column":9}},{"start":{},"end":{}}]},"12":{"loc":{"start":{"line":198,"column":8},"end":{"line":198,"column":71}},"type":"if","locations":[{"start":{"line":198,"column":8},"end":{"line":198,"column":71}},{"start":{},"end":{}}]},"13":{"loc":{"start":{"line":198,"column":12},"end":{"line":198,"column":57}},"type":"binary-expr","locations":[{"start":{"line":198,"column":12},"end":{"line":198,"column":38}},{"start":{"line":198,"column":42},"end":{"line":198,"column":57}}]},"14":{"loc":{"start":{"line":201,"column":30},"end":{"line":201,"column":55}},"type":"binary-expr","locations":[{"start":{"line":201,"column":30},"end":{"line":201,"column":47}},{"start":{"line":201,"column":51},"end":{"line":201,"column":55}}]},"15":{"loc":{"start":{"line":203,"column":8},"end":{"line":219,"column":9}},"type":"if","locations":[{"start":{"line":203,"column":8},"end":{"line":219,"column":9}},{"start":{"line":214,"column":15},"end":{"line":219,"column":9}}]},"16":{"loc":{"start":{"line":203,"column":12},"end":{"line":203,"column":48}},"type":"binary-expr","locations":[{"start":{"line":203,"column":12},"end":{"line":203,"column":25}},{"start":{"line":203,"column":29},"end":{"line":203,"column":48}}]},"17":{"loc":{"start":{"line":205,"column":12},"end":{"line":207,"column":13}},"type":"if","locations":[{"start":{"line":205,"column":12},"end":{"line":207,"column":13}},{"start":{},"end":{}}]}},"s":{"0":2,"1":2,"2":2,"3":2,"4":2,"5":2,"6":2,"7":2,"8":2,"9":2,"10":2,"11":2,"12":2,"13":0,"14":2,"15":2,"16":2,"17":2,"18":2,"19":2,"20":2,"21":2,"22":2,"23":2,"24":2,"25":2,"26":2,"27":2,"28":2,"29":2,"30":2,"31":2,"32":1,"33":11,"34":11,"35":0,"36":0,"37":0,"38":11,"39":10,"40":10,"41":10,"42":1,"43":7,"44":7,"45":7,"46":7,"47":7,"48":7,"49":0,"50":27,"51":27,"52":9,"53":9,"54":7,"55":7,"56":7,"57":5,"58":0,"59":0,"60":0,"61":0,"62":0,"63":0,"64":0,"65":0,"66":0,"67":0,"68":0,"69":4,"70":0,"71":4,"72":4,"73":4,"74":2,"75":0,"76":2,"77":2,"78":2,"79":2,"80":2,"81":2,"82":0,"83":0,"84":0,"85":2,"86":2,"87":12,"88":2,"89":2},"f":{"0":2,"1":2,"2":2,"3":2,"4":2,"5":1,"6":11,"7":10,"8":7,"9":27,"10":9,"11":7,"12":5,"13":0,"14":0,"15":0,"16":0,"17":4,"18":0,"19":0,"20":2,"21":12},"b":{"0":[0,2],"1":[2,0,0],"2":[0,11],"3":[11,11],"4":[1,9],"5":[7,0],"6":[0,7],"7":[7,1],"8":[26,1],"9":[9,0],"10":[0,0],"11":[0,0],"12":[0,4],"13":[4,4],"14":[4,2],"15":[2,2],"16":[4,2],"17":[0,2]}},"/app/src/core/event-bus.ts":{"path":"/app/src/core/event-bus.ts","statementMap":{"0":{"start":{"line":1,"column":0},"end":{"line":1,"column":43}},"1":{"start":{"line":2,"column":0},"end":{"line":2,"column":45}},"2":{"start":{"line":10,"column":27},"end":{"line":10,"column":47}},"3":{"start":{"line":13,"column":8},"end":{"line":15,"column":9}},"4":{"start":{"line":14,"column":12},"end":{"line":14,"column":64}},"5":{"start":{"line":16,"column":8},"end":{"line":16,"column":50}},"6":{"start":{"line":20,"column":8},"end":{"line":23,"column":10}},"7":{"start":{"line":21,"column":28},"end":{"line":21,"column":47}},"8":{"start":{"line":22,"column":25},"end":{"line":22,"column":38}},"9":{"start":{"line":27,"column":8},"end":{"line":27,"column":48}},"10":{"start":{"line":9,"column":0},"end":{"line":9,"column":13}}},"fnMap":{"0":{"name":"(anonymous_0)","decl":{"start":{"line":12,"column":11},"end":{"line":12,"column":18}},"loc":{"start":{"line":12,"column":45},"end":{"line":17,"column":5}}},"1":{"name":"(anonymous_1)","decl":{"start":{"line":19,"column":11},"end":{"line":19,"column":20}},"loc":{"start":{"line":19,"column":33},"end":{"line":24,"column":5}}},"2":{"name":"(anonymous_2)","decl":{"start":{"line":21,"column":19},"end":{"line":21,"column":24}},"loc":{"start":{"line":21,"column":28},"end":{"line":21,"column":47}}},"3":{"name":"(anonymous_3)","decl":{"start":{"line":22,"column":16},"end":{"line":22,"column":21}},"loc":{"start":{"line":22,"column":25},"end":{"line":22,"column":38}}},"4":{"name":"(anonymous_4)","decl":{"start":{"line":26,"column":4},"end":{"line":26,"column":15}},"loc":{"start":{"line":26,"column":26},"end":{"line":28,"column":5}}}},"branchMap":{"0":{"loc":{"start":{"line":13,"column":8},"end":{"line":15,"column":9}},"type":"if","locations":[{"start":{"line":13,"column":8},"end":{"line":15,"column":9}},{"start":{},"end":{}}]}},"s":{"0":2,"1":2,"2":2,"3":11,"4":0,"5":11,"6":0,"7":0,"8":0,"9":0,"10":2},"f":{"0":11,"1":0,"2":0,"3":0,"4":0},"b":{"0":[0,11]}},"/app/src/core/worker.ts":{"path":"/app/src/core/worker.ts","statementMap":{"0":{"start":{"line":6,"column":31},"end":{"line":6,"column":35}},"1":{"start":{"line":9,"column":16},"end":{"line":9,"column":30}},"2":{"start":{"line":10,"column":16},"end":{"line":10,"column":38}},"3":{"start":{"line":11,"column":16},"end":{"line":11,"column":48}},"4":{"start":{"line":12,"column":16},"end":{"line":12,"column":44}},"5":{"start":{"line":13,"column":16},"end":{"line":13,"column":48}},"6":{"start":{"line":14,"column":16},"end":{"line":14,"column":48}},"7":{"start":{"line":15,"column":16},"end":{"line":15,"column":48}},"8":{"start":{"line":19,"column":8},"end":{"line":19,"column":52}},"9":{"start":{"line":20,"column":8},"end":{"line":20,"column":29}},"10":{"start":{"line":24,"column":8},"end":{"line":24,"column":62}},"11":{"start":{"line":25,"column":8},"end":{"line":29,"column":9}},"12":{"start":{"line":26,"column":26},"end":{"line":26,"column":55}},"13":{"start":{"line":27,"column":12},"end":{"line":27,"column":37}},"14":{"start":{"line":27,"column":31},"end":{"line":27,"column":37}},"15":{"start":{"line":28,"column":12},"end":{"line":28,"column":43}},"16":{"start":{"line":30,"column":8},"end":{"line":30,"column":49}},"17":{"start":{"line":34,"column":22},"end":{"line":34,"column":39}},"18":{"start":{"line":35,"column":8},"end":{"line":37,"column":9}},"19":{"start":{"line":36,"column":12},"end":{"line":36,"column":25}},"20":{"start":{"line":38,"column":8},"end":{"line":38,"column":39}},"21":{"start":{"line":39,"column":8},"end":{"line":39,"column":20}},"22":{"start":{"line":43,"column":8},"end":{"line":134,"column":9}},"23":{"start":{"line":45,"column":33},"end":{"line":45,"column":100}},"24":{"start":{"line":50,"column":12},"end":{"line":96,"column":13}},"25":{"start":{"line":51,"column":32},"end":{"line":51,"column":103}},"26":{"start":{"line":52,"column":16},"end":{"line":95,"column":17}},"27":{"start":{"line":53,"column":20},"end":{"line":94,"column":21}},"28":{"start":{"line":54,"column":44},"end":{"line":54,"column":93}},"29":{"start":{"line":57,"column":24},"end":{"line":59,"column":25}},"30":{"start":{"line":58,"column":28},"end":{"line":58,"column":68}},"31":{"start":{"line":62,"column":24},"end":{"line":91,"column":25}},"32":{"start":{"line":63,"column":47},"end":{"line":63,"column":93}},"33":{"start":{"line":64,"column":48},"end":{"line":64,"column":83}},"34":{"start":{"line":67,"column":28},"end":{"line":71,"column":30}},"35":{"start":{"line":72,"column":28},"end":{"line":76,"column":30}},"36":{"start":{"line":79,"column":28},"end":{"line":82,"column":29}},"37":{"start":{"line":80,"column":32},"end":{"line":80,"column":93}},"38":{"start":{"line":80,"column":59},"end":{"line":80,"column":93}},"39":{"start":{"line":81,"column":32},"end":{"line":81,"column":89}},"40":{"start":{"line":81,"column":58},"end":{"line":81,"column":89}},"41":{"start":{"line":85,"column":28},"end":{"line":88,"column":29}},"42":{"start":{"line":87,"column":32},"end":{"line":87,"column":72}},"43":{"start":{"line":90,"column":28},"end":{"line":90,"column":54}},"44":{"start":{"line":93,"column":24},"end":{"line":93,"column":84}},"45":{"start":{"line":99,"column":12},"end":{"line":107,"column":13}},"46":{"start":{"line":100,"column":37},"end":{"line":100,"column":83}},"47":{"start":{"line":101,"column":16},"end":{"line":106,"column":17}},"48":{"start":{"line":104,"column":20},"end":{"line":104,"column":70}},"49":{"start":{"line":105,"column":20},"end":{"line":105,"column":58}},"50":{"start":{"line":110,"column":12},"end":{"line":117,"column":13}},"51":{"start":{"line":111,"column":36},"end":{"line":111,"column":78}},"52":{"start":{"line":112,"column":16},"end":{"line":116,"column":17}},"53":{"start":{"line":115,"column":20},"end":{"line":115,"column":50}},"54":{"start":{"line":120,"column":12},"end":{"line":120,"column":112}},"55":{"start":{"line":123,"column":12},"end":{"line":131,"column":13}},"56":{"start":{"line":125,"column":41},"end":{"line":125,"column":81}},"57":{"start":{"line":126,"column":16},"end":{"line":130,"column":17}},"58":{"start":{"line":127,"column":20},"end":{"line":127,"column":88}},"59":{"start":{"line":128,"column":23},"end":{"line":130,"column":17}},"60":{"start":{"line":129,"column":20},"end":{"line":129,"column":86}},"61":{"start":{"line":133,"column":12},"end":{"line":133,"column":74}},"62":{"start":{"line":5,"column":0},"end":{"line":5,"column":13}}},"fnMap":{"0":{"name":"(anonymous_0)","decl":{"start":{"line":8,"column":4},"end":{"line":8,"column":null}},"loc":{"start":{"line":15,"column":48},"end":{"line":16,"column":8}}},"1":{"name":"(anonymous_1)","decl":{"start":{"line":18,"column":11},"end":{"line":18,"column":15}},"loc":{"start":{"line":18,"column":15},"end":{"line":21,"column":5}}},"2":{"name":"(anonymous_2)","decl":{"start":{"line":23,"column":11},"end":{"line":23,"column":16}},"loc":{"start":{"line":23,"column":22},"end":{"line":31,"column":5}}},"3":{"name":"(anonymous_3)","decl":{"start":{"line":33,"column":11},"end":{"line":33,"column":16}},"loc":{"start":{"line":33,"column":21},"end":{"line":40,"column":5}}},"4":{"name":"(anonymous_4)","decl":{"start":{"line":42,"column":12},"end":{"line":42,"column":17}},"loc":{"start":{"line":42,"column":51},"end":{"line":135,"column":5}}}},"branchMap":{"0":{"loc":{"start":{"line":27,"column":12},"end":{"line":27,"column":37}},"type":"if","locations":[{"start":{"line":27,"column":12},"end":{"line":27,"column":37}},{"start":{},"end":{}}]},"1":{"loc":{"start":{"line":35,"column":8},"end":{"line":37,"column":9}},"type":"if","locations":[{"start":{"line":35,"column":8},"end":{"line":37,"column":9}},{"start":{},"end":{}}]},"2":{"loc":{"start":{"line":64,"column":48},"end":{"line":64,"column":83}},"type":"binary-expr","locations":[{"start":{"line":64,"column":48},"end":{"line":64,"column":76}},{"start":{"line":64,"column":80},"end":{"line":64,"column":83}}]},"3":{"loc":{"start":{"line":79,"column":28},"end":{"line":82,"column":29}},"type":"if","locations":[{"start":{"line":79,"column":28},"end":{"line":82,"column":29}},{"start":{},"end":{}}]},"4":{"loc":{"start":{"line":80,"column":32},"end":{"line":80,"column":93}},"type":"if","locations":[{"start":{"line":80,"column":32},"end":{"line":80,"column":93}},{"start":{},"end":{}}]},"5":{"loc":{"start":{"line":81,"column":32},"end":{"line":81,"column":89}},"type":"if","locations":[{"start":{"line":81,"column":32},"end":{"line":81,"column":89}},{"start":{},"end":{}}]},"6":{"loc":{"start":{"line":85,"column":28},"end":{"line":88,"column":29}},"type":"if","locations":[{"start":{"line":85,"column":28},"end":{"line":88,"column":29}},{"start":{},"end":{}}]},"7":{"loc":{"start":{"line":85,"column":32},"end":{"line":85,"column":83}},"type":"binary-expr","locations":[{"start":{"line":85,"column":32},"end":{"line":85,"column":55}},{"start":{"line":85,"column":59},"end":{"line":85,"column":83}}]},"8":{"loc":{"start":{"line":99,"column":12},"end":{"line":107,"column":13}},"type":"if","locations":[{"start":{"line":99,"column":12},"end":{"line":107,"column":13}},{"start":{},"end":{}}]},"9":{"loc":{"start":{"line":99,"column":16},"end":{"line":99,"column":71}},"type":"binary-expr","locations":[{"start":{"line":99,"column":16},"end":{"line":99,"column":37}},{"start":{"line":99,"column":41},"end":{"line":99,"column":71}}]},"10":{"loc":{"start":{"line":101,"column":16},"end":{"line":106,"column":17}},"type":"if","locations":[{"start":{"line":101,"column":16},"end":{"line":106,"column":17}},{"start":{},"end":{}}]},"11":{"loc":{"start":{"line":110,"column":12},"end":{"line":117,"column":13}},"type":"if","locations":[{"start":{"line":110,"column":12},"end":{"line":117,"column":13}},{"start":{},"end":{}}]},"12":{"loc":{"start":{"line":112,"column":16},"end":{"line":116,"column":17}},"type":"if","locations":[{"start":{"line":112,"column":16},"end":{"line":116,"column":17}},{"start":{},"end":{}}]},"13":{"loc":{"start":{"line":112,"column":20},"end":{"line":112,"column":62}},"type":"binary-expr","locations":[{"start":{"line":112,"column":20},"end":{"line":112,"column":31}},{"start":{"line":112,"column":35},"end":{"line":112,"column":62}}]},"14":{"loc":{"start":{"line":123,"column":12},"end":{"line":131,"column":13}},"type":"if","locations":[{"start":{"line":123,"column":12},"end":{"line":131,"column":13}},{"start":{},"end":{}}]},"15":{"loc":{"start":{"line":126,"column":16},"end":{"line":130,"column":17}},"type":"if","locations":[{"start":{"line":126,"column":16},"end":{"line":130,"column":17}},{"start":{"line":128,"column":23},"end":{"line":130,"column":17}}]},"16":{"loc":{"start":{"line":128,"column":23},"end":{"line":130,"column":17}},"type":"if","locations":[{"start":{"line":128,"column":23},"end":{"line":130,"column":17}},{"start":{},"end":{}}]}},"s":{"0":1,"1":1,"2":1,"3":1,"4":1,"5":1,"6":1,"7":1,"8":0,"9":0,"10":0,"11":0,"12":0,"13":0,"14":0,"15":0,"16":0,"17":3,"18":3,"19":0,"20":3,"21":3,"22":3,"23":3,"24":3,"25":4,"26":4,"27":1,"28":1,"29":1,"30":1,"31":1,"32":1,"33":1,"34":1,"35":1,"36":1,"37":1,"38":0,"39":1,"40":0,"41":1,"42":1,"43":1,"44":0,"45":3,"46":1,"47":1,"48":1,"49":1,"50":3,"51":2,"52":2,"53":0,"54":3,"55":3,"56":1,"57":1,"58":1,"59":0,"60":0,"61":0,"62":1},"f":{"0":1,"1":0,"2":0,"3":3,"4":3},"b":{"0":[0,0],"1":[0,3],"2":[1,0],"3":[1,0],"4":[0,1],"5":[0,1],"6":[1,0],"7":[1,0],"8":[1,2],"9":[3,1],"10":[1,0],"11":[2,1],"12":[0,2],"13":[2,2],"14":[1,2],"15":[1,0],"16":[0,0]}},"/app/src/components/action.ts":{"path":"/app/src/components/action.ts","statementMap":{"0":{"start":{"line":5,"column":36},"end":{"line":5,"column":38}},"1":{"start":{"line":7,"column":24},"end":{"line":7,"column":46}},"2":{"start":{"line":10,"column":8},"end":{"line":10,"column":38}},"3":{"start":{"line":11,"column":8},"end":{"line":11,"column":90}},"4":{"start":{"line":15,"column":8},"end":{"line":19,"column":9}},"5":{"start":{"line":16,"column":12},"end":{"line":18,"column":13}},"6":{"start":{"line":17,"column":16},"end":{"line":17,"column":32}},"7":{"start":{"line":20,"column":8},"end":{"line":20,"column":20}},"8":{"start":{"line":24,"column":8},"end":{"line":26,"column":9}},"9":{"start":{"line":25,"column":12},"end":{"line":25,"column":24}},"10":{"start":{"line":28,"column":25},"end":{"line":28,"column":55}},"11":{"start":{"line":30,"column":8},"end":{"line":32,"column":9}},"12":{"start":{"line":31,"column":12},"end":{"line":31,"column":24}},"13":{"start":{"line":34,"column":8},"end":{"line":49,"column":9}},"14":{"start":{"line":35,"column":12},"end":{"line":35,"column":118}},"15":{"start":{"line":36,"column":27},"end":{"line":36,"column":72}},"16":{"start":{"line":39,"column":12},"end":{"line":39,"column":84}},"17":{"start":{"line":40,"column":12},"end":{"line":40,"column":97}},"18":{"start":{"line":43,"column":12},"end":{"line":43,"column":26}},"19":{"start":{"line":45,"column":12},"end":{"line":45,"column":132}},"20":{"start":{"line":47,"column":12},"end":{"line":47,"column":82}},"21":{"start":{"line":48,"column":12},"end":{"line":48,"column":24}},"22":{"start":{"line":4,"column":0},"end":{"line":4,"column":13}}},"fnMap":{"0":{"name":"(anonymous_0)","decl":{"start":{"line":7,"column":4},"end":{"line":7,"column":24}},"loc":{"start":{"line":7,"column":46},"end":{"line":7,"column":50}}},"1":{"name":"(anonymous_1)","decl":{"start":{"line":9,"column":4},"end":{"line":9,"column":21}},"loc":{"start":{"line":9,"column":40},"end":{"line":12,"column":5}}},"2":{"name":"(anonymous_2)","decl":{"start":{"line":14,"column":12},"end":{"line":14,"column":17}},"loc":{"start":{"line":14,"column":51},"end":{"line":21,"column":5}}},"3":{"name":"(anonymous_3)","decl":{"start":{"line":23,"column":4},"end":{"line":23,"column":9}},"loc":{"start":{"line":23,"column":42},"end":{"line":50,"column":5}}}},"branchMap":{"0":{"loc":{"start":{"line":16,"column":12},"end":{"line":18,"column":13}},"type":"if","locations":[{"start":{"line":16,"column":12},"end":{"line":18,"column":13}},{"start":{},"end":{}}]},"1":{"loc":{"start":{"line":24,"column":8},"end":{"line":26,"column":9}},"type":"if","locations":[{"start":{"line":24,"column":8},"end":{"line":26,"column":9}},{"start":{},"end":{}}]},"2":{"loc":{"start":{"line":30,"column":8},"end":{"line":32,"column":9}},"type":"if","locations":[{"start":{"line":30,"column":8},"end":{"line":32,"column":9}},{"start":{},"end":{}}]},"3":{"loc":{"start":{"line":35,"column":59},"end":{"line":35,"column":80}},"type":"binary-expr","locations":[{"start":{"line":35,"column":59},"end":{"line":35,"column":69}},{"start":{"line":35,"column":73},"end":{"line":35,"column":80}}]},"4":{"loc":{"start":{"line":40,"column":49},"end":{"line":40,"column":70}},"type":"binary-expr","locations":[{"start":{"line":40,"column":49},"end":{"line":40,"column":59}},{"start":{"line":40,"column":63},"end":{"line":40,"column":70}}]},"5":{"loc":{"start":{"line":45,"column":100},"end":{"line":45,"column":121}},"type":"binary-expr","locations":[{"start":{"line":45,"column":100},"end":{"line":45,"column":110}},{"start":{"line":45,"column":114},"end":{"line":45,"column":121}}]}},"s":{"0":1,"1":1,"2":1,"3":1,"4":1,"5":1,"6":1,"7":0,"8":1,"9":0,"10":1,"11":1,"12":0,"13":1,"14":1,"15":1,"16":1,"17":1,"18":1,"19":0,"20":0,"21":0,"22":1},"f":{"0":1,"1":1,"2":1,"3":1},"b":{"0":[1,0],"1":[0,1],"2":[0,1],"3":[1,0],"4":[1,0],"5":[0,0]}},"/app/src/components/perception.ts":{"path":"/app/src/components/perception.ts","statementMap":{"0":{"start":{"line":4,"column":40},"end":{"line":4,"column":42}},"1":{"start":{"line":7,"column":16},"end":{"line":7,"column":38}},"2":{"start":{"line":8,"column":16},"end":{"line":8,"column":30}},"3":{"start":{"line":12,"column":8},"end":{"line":12,"column":42}},"4":{"start":{"line":13,"column":8},"end":{"line":13,"column":98}},"5":{"start":{"line":22,"column":24},"end":{"line":22,"column":29}},"6":{"start":{"line":23,"column":8},"end":{"line":37,"column":9}},"7":{"start":{"line":24,"column":27},"end":{"line":24,"column":59}},"8":{"start":{"line":25,"column":12},"end":{"line":36,"column":13}},"9":{"start":{"line":26,"column":16},"end":{"line":26,"column":119}},"10":{"start":{"line":29,"column":16},"end":{"line":29,"column":54}},"11":{"start":{"line":30,"column":16},"end":{"line":30,"column":54}},"12":{"start":{"line":31,"column":16},"end":{"line":31,"column":46}},"13":{"start":{"line":33,"column":16},"end":{"line":33,"column":118}},"14":{"start":{"line":34,"column":16},"end":{"line":34,"column":33}},"15":{"start":{"line":35,"column":16},"end":{"line":35,"column":22}},"16":{"start":{"line":39,"column":8},"end":{"line":41,"column":9}},"17":{"start":{"line":40,"column":12},"end":{"line":40,"column":103}},"18":{"start":{"line":3,"column":0},"end":{"line":3,"column":13}}},"fnMap":{"0":{"name":"(anonymous_0)","decl":{"start":{"line":6,"column":4},"end":{"line":6,"column":null}},"loc":{"start":{"line":8,"column":30},"end":{"line":9,"column":8}}},"1":{"name":"(anonymous_1)","decl":{"start":{"line":11,"column":4},"end":{"line":11,"column":23}},"loc":{"start":{"line":11,"column":46},"end":{"line":14,"column":5}}},"2":{"name":"(anonymous_2)","decl":{"start":{"line":21,"column":4},"end":{"line":21,"column":11}},"loc":{"start":{"line":21,"column":37},"end":{"line":42,"column":5}}}},"branchMap":{"0":{"loc":{"start":{"line":25,"column":12},"end":{"line":36,"column":13}},"type":"if","locations":[{"start":{"line":25,"column":12},"end":{"line":36,"column":13}},{"start":{},"end":{}}]},"1":{"loc":{"start":{"line":33,"column":79},"end":{"line":33,"column":114}},"type":"binary-expr","locations":[{"start":{"line":33,"column":79},"end":{"line":33,"column":96}},{"start":{"line":33,"column":100},"end":{"line":33,"column":114}}]},"2":{"loc":{"start":{"line":39,"column":8},"end":{"line":41,"column":9}},"type":"if","locations":[{"start":{"line":39,"column":8},"end":{"line":41,"column":9}},{"start":{},"end":{}}]}},"s":{"0":1,"1":1,"2":1,"3":1,"4":1,"5":1,"6":1,"7":1,"8":1,"9":1,"10":1,"11":1,"12":1,"13":1,"14":1,"15":1,"16":1,"17":0,"18":1},"f":{"0":1,"1":1,"2":1},"b":{"0":[1,0],"1":[1,0],"2":[0,1]}},"/app/src/modules/attention.ts":{"path":"/app/src/modules/attention.ts","statementMap":{"0":{"start":{"line":4,"column":21},"end":{"line":4,"column":25}},"1":{"start":{"line":5,"column":21},"end":{"line":5,"column":24}},"2":{"start":{"line":6,"column":25},"end":{"line":6,"column":29}},"3":{"start":{"line":12,"column":8},"end":{"line":12,"column":50}},"4":{"start":{"line":20,"column":8},"end":{"line":22,"column":9}},"5":{"start":{"line":21,"column":12},"end":{"line":21,"column":54}},"6":{"start":{"line":24,"column":34},"end":{"line":24,"column":108}},"7":{"start":{"line":24,"column":61},"end":{"line":24,"column":87}},"8":{"start":{"line":25,"column":36},"end":{"line":25,"column":112}},"9":{"start":{"line":25,"column":63},"end":{"line":25,"column":91}},"10":{"start":{"line":28,"column":28},"end":{"line":28,"column":76}},"11":{"start":{"line":30,"column":8},"end":{"line":33,"column":10}},"12":{"start":{"line":37,"column":8},"end":{"line":53,"column":9}},"13":{"start":{"line":38,"column":33},"end":{"line":38,"column":86}},"14":{"start":{"line":39,"column":35},"end":{"line":39,"column":94}},"15":{"start":{"line":41,"column":49},"end":{"line":44,"column":14}},"16":{"start":{"line":46,"column":33},"end":{"line":46,"column":52}},"17":{"start":{"line":48,"column":12},"end":{"line":52,"column":13}},"18":{"start":{"line":49,"column":16},"end":{"line":49,"column":62}},"19":{"start":{"line":51,"column":16},"end":{"line":51,"column":84}},"20":{"start":{"line":57,"column":8},"end":{"line":57,"column":73}},"21":{"start":{"line":58,"column":27},"end":{"line":58,"column":28}},"22":{"start":{"line":61,"column":35},"end":{"line":61,"column":80}},"23":{"start":{"line":61,"column":75},"end":{"line":61,"column":79}},"24":{"start":{"line":62,"column":50},"end":{"line":62,"column":52}},"25":{"start":{"line":64,"column":8},"end":{"line":72,"column":11}},"26":{"start":{"line":65,"column":32},"end":{"line":65,"column":70}},"27":{"start":{"line":66,"column":49},"end":{"line":69,"column":14}},"28":{"start":{"line":70,"column":12},"end":{"line":70,"column":97}},"29":{"start":{"line":71,"column":12},"end":{"line":71,"column":27}},"30":{"start":{"line":74,"column":8},"end":{"line":74,"column":44}},"31":{"start":{"line":77,"column":31},"end":{"line":77,"column":51}},"32":{"start":{"line":78,"column":8},"end":{"line":86,"column":11}},"33":{"start":{"line":79,"column":32},"end":{"line":79,"column":70}},"34":{"start":{"line":80,"column":49},"end":{"line":83,"column":14}},"35":{"start":{"line":84,"column":12},"end":{"line":84,"column":58}},"36":{"start":{"line":85,"column":12},"end":{"line":85,"column":27}},"37":{"start":{"line":88,"column":8},"end":{"line":88,"column":91}},"38":{"start":{"line":8,"column":0},"end":{"line":8,"column":13}}},"fnMap":{"0":{"name":"(anonymous_0)","decl":{"start":{"line":10,"column":4},"end":{"line":10,"column":21}},"loc":{"start":{"line":10,"column":41},"end":{"line":13,"column":5}}},"1":{"name":"(anonymous_1)","decl":{"start":{"line":15,"column":4},"end":{"line":15,"column":21}},"loc":{"start":{"line":18,"column":34},"end":{"line":34,"column":5}}},"2":{"name":"(anonymous_2)","decl":{"start":{"line":24,"column":49},"end":{"line":24,"column":50}},"loc":{"start":{"line":24,"column":61},"end":{"line":24,"column":87}}},"3":{"name":"(anonymous_3)","decl":{"start":{"line":25,"column":51},"end":{"line":25,"column":52}},"loc":{"start":{"line":25,"column":63},"end":{"line":25,"column":91}}},"4":{"name":"(anonymous_4)","decl":{"start":{"line":36,"column":4},"end":{"line":36,"column":9}},"loc":{"start":{"line":36,"column":90},"end":{"line":54,"column":5}}},"5":{"name":"(anonymous_5)","decl":{"start":{"line":56,"column":4},"end":{"line":56,"column":9}},"loc":{"start":{"line":56,"column":65},"end":{"line":89,"column":5}}},"6":{"name":"(anonymous_6)","decl":{"start":{"line":61,"column":70},"end":{"line":61,"column":71}},"loc":{"start":{"line":61,"column":75},"end":{"line":61,"column":79}}},"7":{"name":"(anonymous_7)","decl":{"start":{"line":64,"column":35},"end":{"line":64,"column":39}},"loc":{"start":{"line":64,"column":42},"end":{"line":72,"column":9}}},"8":{"name":"(anonymous_8)","decl":{"start":{"line":78,"column":31},"end":{"line":78,"column":32}},"loc":{"start":{"line":78,"column":55},"end":{"line":86,"column":9}}}},"branchMap":{"0":{"loc":{"start":{"line":18,"column":8},"end":{"line":18,"column":34}},"type":"default-arg","locations":[{"start":{"line":18,"column":31},"end":{"line":18,"column":34}}]},"1":{"loc":{"start":{"line":20,"column":8},"end":{"line":22,"column":9}},"type":"if","locations":[{"start":{"line":20,"column":8},"end":{"line":22,"column":9}},{"start":{},"end":{}}]},"2":{"loc":{"start":{"line":48,"column":12},"end":{"line":52,"column":13}},"type":"if","locations":[{"start":{"line":48,"column":12},"end":{"line":52,"column":13}},{"start":{"line":50,"column":19},"end":{"line":52,"column":13}}]},"3":{"loc":{"start":{"line":67,"column":26},"end":{"line":67,"column":62}},"type":"cond-expr","locations":[{"start":{"line":67,"column":47},"end":{"line":67,"column":48}},{"start":{"line":67,"column":51},"end":{"line":67,"column":62}}]},"4":{"loc":{"start":{"line":81,"column":26},"end":{"line":81,"column":62}},"type":"cond-expr","locations":[{"start":{"line":81,"column":47},"end":{"line":81,"column":48}},{"start":{"line":81,"column":51},"end":{"line":81,"column":62}}]}},"s":{"0":1,"1":1,"2":1,"3":0,"4":1,"5":0,"6":1,"7":2,"8":1,"9":2,"10":1,"11":1,"12":3,"13":4,"14":4,"15":4,"16":4,"17":4,"18":0,"19":4,"20":0,"21":0,"22":0,"23":0,"24":0,"25":0,"26":0,"27":0,"28":0,"29":0,"30":0,"31":0,"32":0,"33":0,"34":0,"35":0,"36":0,"37":0,"38":1},"f":{"0":0,"1":1,"2":2,"3":2,"4":3,"5":0,"6":0,"7":0,"8":0},"b":{"0":[0],"1":[0,1],"2":[0,4],"3":[0,0],"4":[0,0]}},"/app/src/modules/resonance.ts":{"path":"/app/src/modules/resonance.ts","statementMap":{"0":{"start":{"line":3,"column":0},"end":{"line":3,"column":48}},"1":{"start":{"line":12,"column":27},"end":{"line":12,"column":67}},"2":{"start":{"line":13,"column":8},"end":{"line":16,"column":9}},"3":{"start":{"line":14,"column":12},"end":{"line":14,"column":85}},"4":{"start":{"line":15,"column":12},"end":{"line":15,"column":22}},"5":{"start":{"line":18,"column":31},"end":{"line":18,"column":61}},"6":{"start":{"line":21,"column":8},"end":{"line":28,"column":9}},"7":{"start":{"line":22,"column":36},"end":{"line":22,"column":100}},"8":{"start":{"line":23,"column":12},"end":{"line":27,"column":15}},"9":{"start":{"line":24,"column":16},"end":{"line":26,"column":17}},"10":{"start":{"line":25,"column":20},"end":{"line":25,"column":56}},"11":{"start":{"line":31,"column":32},"end":{"line":31,"column":95}},"12":{"start":{"line":32,"column":8},"end":{"line":36,"column":11}},"13":{"start":{"line":33,"column":12},"end":{"line":35,"column":13}},"14":{"start":{"line":34,"column":16},"end":{"line":34,"column":52}},"15":{"start":{"line":39,"column":47},"end":{"line":39,"column":49}},"16":{"start":{"line":40,"column":8},"end":{"line":43,"column":9}},"17":{"start":{"line":41,"column":26},"end":{"line":41,"column":98}},"18":{"start":{"line":42,"column":12},"end":{"line":42,"column":62}},"19":{"start":{"line":45,"column":8},"end":{"line":45,"column":59}},"20":{"start":{"line":45,"column":40},"end":{"line":45,"column":57}},"21":{"start":{"line":47,"column":8},"end":{"line":47,"column":71}},"22":{"start":{"line":47,"column":58},"end":{"line":47,"column":69}},"23":{"start":{"line":51,"column":30},"end":{"line":51,"column":79}},"24":{"start":{"line":52,"column":8},"end":{"line":52,"column":37}},"25":{"start":{"line":52,"column":28},"end":{"line":52,"column":37}},"26":{"start":{"line":55,"column":27},"end":{"line":55,"column":30}},"27":{"start":{"line":56,"column":28},"end":{"line":56,"column":31}},"28":{"start":{"line":57,"column":24},"end":{"line":57,"column":27}},"29":{"start":{"line":60,"column":28},"end":{"line":60,"column":29}},"30":{"start":{"line":61,"column":8},"end":{"line":63,"column":9}},"31":{"start":{"line":62,"column":12},"end":{"line":62,"column":92}},"32":{"start":{"line":66,"column":31},"end":{"line":66,"column":106}},"33":{"start":{"line":69,"column":27},"end":{"line":69,"column":57}},"34":{"start":{"line":72,"column":27},"end":{"line":72,"column":113}},"35":{"start":{"line":74,"column":8},"end":{"line":74,"column":26}},"36":{"start":{"line":10,"column":0},"end":{"line":10,"column":13}}},"fnMap":{"0":{"name":"(anonymous_0)","decl":{"start":{"line":11,"column":4},"end":{"line":11,"column":9}},"loc":{"start":{"line":11,"column":78},"end":{"line":48,"column":5}}},"1":{"name":"(anonymous_1)","decl":{"start":{"line":23,"column":36},"end":{"line":23,"column":41}},"loc":{"start":{"line":23,"column":44},"end":{"line":27,"column":13}}},"2":{"name":"(anonymous_2)","decl":{"start":{"line":32,"column":32},"end":{"line":32,"column":37}},"loc":{"start":{"line":32,"column":40},"end":{"line":36,"column":9}}},"3":{"name":"(anonymous_3)","decl":{"start":{"line":45,"column":30},"end":{"line":45,"column":31}},"loc":{"start":{"line":45,"column":40},"end":{"line":45,"column":57}}},"4":{"name":"(anonymous_4)","decl":{"start":{"line":47,"column":48},"end":{"line":47,"column":54}},"loc":{"start":{"line":47,"column":58},"end":{"line":47,"column":69}}},"5":{"name":"(anonymous_5)","decl":{"start":{"line":50,"column":12},"end":{"line":50,"column":17}},"loc":{"start":{"line":50,"column":123},"end":{"line":75,"column":5}}}},"branchMap":{"0":{"loc":{"start":{"line":13,"column":8},"end":{"line":16,"column":9}},"type":"if","locations":[{"start":{"line":13,"column":8},"end":{"line":16,"column":9}},{"start":{},"end":{}}]},"1":{"loc":{"start":{"line":21,"column":8},"end":{"line":28,"column":9}},"type":"if","locations":[{"start":{"line":21,"column":8},"end":{"line":28,"column":9}},{"start":{},"end":{}}]},"2":{"loc":{"start":{"line":21,"column":12},"end":{"line":21,"column":67}},"type":"binary-expr","locations":[{"start":{"line":21,"column":12},"end":{"line":21,"column":32}},{"start":{"line":21,"column":36},"end":{"line":21,"column":67}}]},"3":{"loc":{"start":{"line":24,"column":16},"end":{"line":26,"column":17}},"type":"if","locations":[{"start":{"line":24,"column":16},"end":{"line":26,"column":17}},{"start":{},"end":{}}]},"4":{"loc":{"start":{"line":33,"column":12},"end":{"line":35,"column":13}},"type":"if","locations":[{"start":{"line":33,"column":12},"end":{"line":35,"column":13}},{"start":{},"end":{}}]},"5":{"loc":{"start":{"line":52,"column":8},"end":{"line":52,"column":37}},"type":"if","locations":[{"start":{"line":52,"column":8},"end":{"line":52,"column":37}},{"start":{},"end":{}}]},"6":{"loc":{"start":{"line":61,"column":8},"end":{"line":63,"column":9}},"type":"if","locations":[{"start":{"line":61,"column":8},"end":{"line":63,"column":9}},{"start":{},"end":{}}]},"7":{"loc":{"start":{"line":61,"column":12},"end":{"line":61,"column":132}},"type":"binary-expr","locations":[{"start":{"line":61,"column":12},"end":{"line":61,"column":32}},{"start":{"line":61,"column":36},"end":{"line":61,"column":67}},{"start":{"line":61,"column":71},"end":{"line":61,"column":94}},{"start":{"line":61,"column":98},"end":{"line":61,"column":132}}]}},"s":{"0":1,"1":3,"2":3,"3":0,"4":0,"5":3,"6":3,"7":0,"8":0,"9":0,"10":0,"11":3,"12":3,"13":3,"14":1,"15":3,"16":3,"17":1,"18":1,"19":3,"20":0,"21":3,"22":1,"23":1,"24":1,"25":0,"26":1,"27":1,"28":1,"29":1,"30":1,"31":0,"32":1,"33":1,"34":1,"35":1,"36":1},"f":{"0":3,"1":0,"2":3,"3":0,"4":1,"5":1},"b":{"0":[0,3],"1":[0,3],"2":[3,3],"3":[0,0],"4":[1,2],"5":[0,1],"6":[0,1],"7":[1,1,0,0]}},"/app/src/lib/utils.ts":{"path":"/app/src/lib/utils.ts","statementMap":{"0":{"start":{"line":10,"column":0},"end":{"line":10,"column":16}},"1":{"start":{"line":22,"column":0},"end":{"line":22,"column":16}},"2":{"start":{"line":44,"column":0},"end":{"line":44,"column":16}},"3":{"start":{"line":56,"column":0},"end":{"line":56,"column":16}},"4":{"start":{"line":8,"column":0},"end":{"line":8,"column":36}},"5":{"start":{"line":11,"column":4},"end":{"line":11,"column":101}},"6":{"start":{"line":11,"column":47},"end":{"line":11,"column":93}},"7":{"start":{"line":23,"column":4},"end":{"line":23,"column":30}},"8":{"start":{"line":23,"column":18},"end":{"line":23,"column":30}},"9":{"start":{"line":24,"column":4},"end":{"line":34,"column":5}},"10":{"start":{"line":25,"column":30},"end":{"line":25,"column":42}},"11":{"start":{"line":27,"column":21},"end":{"line":27,"column":69}},"12":{"start":{"line":28,"column":26},"end":{"line":28,"column":63}},"13":{"start":{"line":29,"column":28},"end":{"line":29,"column":56}},"14":{"start":{"line":31,"column":8},"end":{"line":33,"column":9}},"15":{"start":{"line":32,"column":12},"end":{"line":32,"column":25}},"16":{"start":{"line":35,"column":4},"end":{"line":35,"column":16}},"17":{"start":{"line":45,"column":17},"end":{"line":45,"column":37}},"18":{"start":{"line":46,"column":4},"end":{"line":46,"column":64}},"19":{"start":{"line":47,"column":4},"end":{"line":47,"column":30}},"20":{"start":{"line":57,"column":4},"end":{"line":59,"column":5}},"21":{"start":{"line":58,"column":8},"end":{"line":58,"column":17}},"22":{"start":{"line":60,"column":21},"end":{"line":60,"column":22}},"23":{"start":{"line":61,"column":16},"end":{"line":61,"column":17}},"24":{"start":{"line":62,"column":16},"end":{"line":62,"column":17}},"25":{"start":{"line":63,"column":4},"end":{"line":67,"column":5}},"26":{"start":{"line":63,"column":17},"end":{"line":63,"column":18}},"27":{"start":{"line":64,"column":8},"end":{"line":64,"column":40}},"28":{"start":{"line":65,"column":8},"end":{"line":65,"column":35}},"29":{"start":{"line":66,"column":8},"end":{"line":66,"column":35}},"30":{"start":{"line":68,"column":4},"end":{"line":70,"column":5}},"31":{"start":{"line":69,"column":8},"end":{"line":69,"column":17}},"32":{"start":{"line":71,"column":4},"end":{"line":71,"column":62}}},"fnMap":{"0":{"name":"getProperty","decl":{"start":{"line":10,"column":16},"end":{"line":10,"column":27}},"loc":{"start":{"line":10,"column":50},"end":{"line":12,"column":1}}},"1":{"name":"(anonymous_1)","decl":{"start":{"line":11,"column":34},"end":{"line":11,"column":35}},"loc":{"start":{"line":11,"column":47},"end":{"line":11,"column":93}}},"2":{"name":"itemMatchesPattern","decl":{"start":{"line":22,"column":16},"end":{"line":22,"column":34}},"loc":{"start":{"line":22,"column":88},"end":{"line":36,"column":1}}},"3":{"name":"createAtomId","decl":{"start":{"line":44,"column":16},"end":{"line":44,"column":28}},"loc":{"start":{"line":44,"column":52},"end":{"line":48,"column":1}}},"4":{"name":"cosineSimilarity","decl":{"start":{"line":56,"column":16},"end":{"line":56,"column":32}},"loc":{"start":{"line":56,"column":63},"end":{"line":72,"column":1}}}},"branchMap":{"0":{"loc":{"start":{"line":11,"column":47},"end":{"line":11,"column":93}},"type":"cond-expr","locations":[{"start":{"line":11,"column":75},"end":{"line":11,"column":81}},{"start":{"line":11,"column":84},"end":{"line":11,"column":93}}]},"1":{"loc":{"start":{"line":11,"column":47},"end":{"line":11,"column":72}},"type":"binary-expr","locations":[{"start":{"line":11,"column":47},"end":{"line":11,"column":48}},{"start":{"line":11,"column":52},"end":{"line":11,"column":72}}]},"2":{"loc":{"start":{"line":23,"column":4},"end":{"line":23,"column":30}},"type":"if","locations":[{"start":{"line":23,"column":4},"end":{"line":23,"column":30}},{"start":{},"end":{}}]},"3":{"loc":{"start":{"line":27,"column":21},"end":{"line":27,"column":69}},"type":"cond-expr","locations":[{"start":{"line":27,"column":47},"end":{"line":27,"column":63}},{"start":{"line":27,"column":66},"end":{"line":27,"column":69}}]},"4":{"loc":{"start":{"line":28,"column":26},"end":{"line":28,"column":63}},"type":"cond-expr","locations":[{"start":{"line":28,"column":52},"end":{"line":28,"column":56}},{"start":{"line":28,"column":59},"end":{"line":28,"column":63}}]},"5":{"loc":{"start":{"line":31,"column":8},"end":{"line":33,"column":9}},"type":"if","locations":[{"start":{"line":31,"column":8},"end":{"line":33,"column":9}},{"start":{},"end":{}}]},"6":{"loc":{"start":{"line":57,"column":4},"end":{"line":59,"column":5}},"type":"if","locations":[{"start":{"line":57,"column":4},"end":{"line":59,"column":5}},{"start":{},"end":{}}]},"7":{"loc":{"start":{"line":57,"column":8},"end":{"line":57,"column":56}},"type":"binary-expr","locations":[{"start":{"line":57,"column":8},"end":{"line":57,"column":35}},{"start":{"line":57,"column":39},"end":{"line":57,"column":56}}]},"8":{"loc":{"start":{"line":68,"column":4},"end":{"line":70,"column":5}},"type":"if","locations":[{"start":{"line":68,"column":4},"end":{"line":70,"column":5}},{"start":{},"end":{}}]},"9":{"loc":{"start":{"line":68,"column":8},"end":{"line":68,"column":34}},"type":"binary-expr","locations":[{"start":{"line":68,"column":8},"end":{"line":68,"column":19}},{"start":{"line":68,"column":23},"end":{"line":68,"column":34}}]}},"s":{"0":1,"1":1,"2":1,"3":1,"4":1,"5":14,"6":21,"7":7,"8":0,"9":7,"10":14,"11":14,"12":14,"13":14,"14":14,"15":4,"16":3,"17":3,"18":3,"19":3,"20":0,"21":0,"22":0,"23":0,"24":0,"25":0,"26":0,"27":0,"28":0,"29":0,"30":0,"31":0,"32":0},"f":{"0":14,"1":21,"2":7,"3":3,"4":0},"b":{"0":[17,4],"1":[21,21],"2":[0,7],"3":[7,7],"4":[7,7],"5":[4,10],"6":[0,0],"7":[0,0],"8":[0,0],"9":[0,0]}},"/app/src/modules/schema-matcher.ts":{"path":"/app/src/modules/schema-matcher.ts","statementMap":{"0":{"start":{"line":3,"column":0},"end":{"line":3,"column":50}},"1":{"start":{"line":6,"column":22},"end":{"line":6,"column":54}},"2":{"start":{"line":8,"column":26},"end":{"line":8,"column":62}},"3":{"start":{"line":12,"column":8},"end":{"line":12,"column":47}},"4":{"start":{"line":16,"column":8},"end":{"line":18,"column":9}},"5":{"start":{"line":17,"column":12},"end":{"line":17,"column":79}},"6":{"start":{"line":20,"column":8},"end":{"line":20,"column":49}},"7":{"start":{"line":23,"column":27},"end":{"line":23,"column":69}},"8":{"start":{"line":24,"column":8},"end":{"line":35,"column":9}},"9":{"start":{"line":25,"column":28},"end":{"line":25,"column":54}},"10":{"start":{"line":26,"column":26},"end":{"line":26,"column":41}},"11":{"start":{"line":27,"column":26},"end":{"line":27,"column":41}},"12":{"start":{"line":29,"column":12},"end":{"line":34,"column":13}},"13":{"start":{"line":30,"column":28},"end":{"line":30,"column":63}},"14":{"start":{"line":31,"column":32},"end":{"line":31,"column":63}},"15":{"start":{"line":32,"column":16},"end":{"line":32,"column":37}},"16":{"start":{"line":33,"column":16},"end":{"line":33,"column":51}},"17":{"start":{"line":37,"column":8},"end":{"line":37,"column":89}},"18":{"start":{"line":38,"column":8},"end":{"line":38,"column":22}},"19":{"start":{"line":42,"column":53},"end":{"line":42,"column":55}},"20":{"start":{"line":43,"column":22},"end":{"line":43,"column":59}},"21":{"start":{"line":44,"column":22},"end":{"line":44,"column":59}},"22":{"start":{"line":46,"column":8},"end":{"line":48,"column":9}},"23":{"start":{"line":47,"column":12},"end":{"line":47,"column":22}},"24":{"start":{"line":51,"column":25},"end":{"line":51,"column":62}},"25":{"start":{"line":52,"column":33},"end":{"line":52,"column":69}},"26":{"start":{"line":54,"column":8},"end":{"line":66,"column":9}},"27":{"start":{"line":55,"column":31},"end":{"line":55,"column":73}},"28":{"start":{"line":56,"column":12},"end":{"line":56,"column":56}},"29":{"start":{"line":56,"column":47},"end":{"line":56,"column":56}},"30":{"start":{"line":58,"column":28},"end":{"line":58,"column":54}},"31":{"start":{"line":61,"column":12},"end":{"line":65,"column":13}},"32":{"start":{"line":62,"column":16},"end":{"line":62,"column":47}},"33":{"start":{"line":63,"column":19},"end":{"line":65,"column":13}},"34":{"start":{"line":64,"column":16},"end":{"line":64,"column":47}},"35":{"start":{"line":68,"column":8},"end":{"line":68,"column":33}},"36":{"start":{"line":5,"column":0},"end":{"line":5,"column":13}}},"fnMap":{"0":{"name":"(anonymous_0)","decl":{"start":{"line":10,"column":12},"end":{"line":10,"column":28}},"loc":{"start":{"line":10,"column":57},"end":{"line":13,"column":5}}},"1":{"name":"(anonymous_1)","decl":{"start":{"line":15,"column":4},"end":{"line":15,"column":9}},"loc":{"start":{"line":15,"column":74},"end":{"line":39,"column":5}}},"2":{"name":"(anonymous_2)","decl":{"start":{"line":41,"column":4},"end":{"line":41,"column":9}},"loc":{"start":{"line":41,"column":85},"end":{"line":69,"column":5}}}},"branchMap":{"0":{"loc":{"start":{"line":16,"column":8},"end":{"line":18,"column":9}},"type":"if","locations":[{"start":{"line":16,"column":8},"end":{"line":18,"column":9}},{"start":{},"end":{}}]},"1":{"loc":{"start":{"line":16,"column":12},"end":{"line":16,"column":76}},"type":"binary-expr","locations":[{"start":{"line":16,"column":12},"end":{"line":16,"column":19}},{"start":{"line":16,"column":23},"end":{"line":16,"column":38}},{"start":{"line":16,"column":42},"end":{"line":16,"column":76}}]},"2":{"loc":{"start":{"line":24,"column":8},"end":{"line":35,"column":9}},"type":"if","locations":[{"start":{"line":24,"column":8},"end":{"line":35,"column":9}},{"start":{},"end":{}}]},"3":{"loc":{"start":{"line":29,"column":12},"end":{"line":34,"column":13}},"type":"if","locations":[{"start":{"line":29,"column":12},"end":{"line":34,"column":13}},{"start":{},"end":{}}]},"4":{"loc":{"start":{"line":29,"column":16},"end":{"line":29,"column":30}},"type":"binary-expr","locations":[{"start":{"line":29,"column":16},"end":{"line":29,"column":21}},{"start":{"line":29,"column":25},"end":{"line":29,"column":30}}]},"5":{"loc":{"start":{"line":31,"column":32},"end":{"line":31,"column":63}},"type":"binary-expr","locations":[{"start":{"line":31,"column":32},"end":{"line":31,"column":57}},{"start":{"line":31,"column":61},"end":{"line":31,"column":63}}]},"6":{"loc":{"start":{"line":46,"column":8},"end":{"line":48,"column":9}},"type":"if","locations":[{"start":{"line":46,"column":8},"end":{"line":48,"column":9}},{"start":{},"end":{}}]},"7":{"loc":{"start":{"line":46,"column":12},"end":{"line":46,"column":28}},"type":"binary-expr","locations":[{"start":{"line":46,"column":12},"end":{"line":46,"column":18}},{"start":{"line":46,"column":22},"end":{"line":46,"column":28}}]},"8":{"loc":{"start":{"line":52,"column":33},"end":{"line":52,"column":69}},"type":"binary-expr","locations":[{"start":{"line":52,"column":33},"end":{"line":52,"column":63}},{"start":{"line":52,"column":67},"end":{"line":52,"column":69}}]},"9":{"loc":{"start":{"line":56,"column":12},"end":{"line":56,"column":56}},"type":"if","locations":[{"start":{"line":56,"column":12},"end":{"line":56,"column":56}},{"start":{},"end":{}}]},"10":{"loc":{"start":{"line":61,"column":12},"end":{"line":65,"column":13}},"type":"if","locations":[{"start":{"line":61,"column":12},"end":{"line":65,"column":13}},{"start":{"line":63,"column":19},"end":{"line":65,"column":13}}]},"11":{"loc":{"start":{"line":61,"column":16},"end":{"line":61,"column":98}},"type":"binary-expr","locations":[{"start":{"line":61,"column":16},"end":{"line":61,"column":55}},{"start":{"line":61,"column":59},"end":{"line":61,"column":98}}]},"12":{"loc":{"start":{"line":63,"column":19},"end":{"line":65,"column":13}},"type":"if","locations":[{"start":{"line":63,"column":19},"end":{"line":65,"column":13}},{"start":{},"end":{}}]},"13":{"loc":{"start":{"line":63,"column":23},"end":{"line":63,"column":105}},"type":"binary-expr","locations":[{"start":{"line":63,"column":23},"end":{"line":63,"column":62}},{"start":{"line":63,"column":66},"end":{"line":63,"column":105}}]}},"s":{"0":1,"1":1,"2":1,"3":5,"4":1,"5":0,"6":1,"7":1,"8":1,"9":1,"10":1,"11":1,"12":1,"13":1,"14":1,"15":1,"16":1,"17":1,"18":1,"19":4,"20":4,"21":4,"22":4,"23":0,"24":4,"25":4,"26":4,"27":3,"28":3,"29":0,"30":3,"31":3,"32":1,"33":2,"34":0,"35":4,"36":1},"f":{"0":5,"1":1,"2":4},"b":{"0":[0,1],"1":[1,1,1],"2":[1,0],"3":[1,0],"4":[1,1],"5":[1,1],"6":[0,4],"7":[4,4],"8":[4,1],"9":[0,3],"10":[1,2],"11":[3,1],"12":[0,2],"13":[2,1]}},"/app/src/modules/goal-tree-manager.ts":{"path":"/app/src/modules/goal-tree-manager.ts","statementMap":{"0":{"start":{"line":8,"column":8},"end":{"line":8,"column":18}},"1":{"start":{"line":12,"column":21},"end":{"line":12,"column":56}},"2":{"start":{"line":13,"column":8},"end":{"line":13,"column":85}},"3":{"start":{"line":13,"column":78},"end":{"line":13,"column":85}},"4":{"start":{"line":15,"column":8},"end":{"line":15,"column":76}},"5":{"start":{"line":17,"column":26},"end":{"line":17,"column":45}},"6":{"start":{"line":18,"column":8},"end":{"line":18,"column":31}},"7":{"start":{"line":18,"column":24},"end":{"line":18,"column":31}},"8":{"start":{"line":20,"column":30},"end":{"line":20,"column":96}},"9":{"start":{"line":22,"column":38},"end":{"line":23,"column":null}},"10":{"start":{"line":23,"column":23},"end":{"line":23,"column":57}},"11":{"start":{"line":26,"column":8},"end":{"line":28,"column":9}},"12":{"start":{"line":27,"column":12},"end":{"line":27,"column":61}},"13":{"start":{"line":32,"column":21},"end":{"line":32,"column":56}},"14":{"start":{"line":33,"column":8},"end":{"line":33,"column":83}},"15":{"start":{"line":33,"column":76},"end":{"line":33,"column":83}},"16":{"start":{"line":35,"column":8},"end":{"line":35,"column":74}},"17":{"start":{"line":37,"column":26},"end":{"line":37,"column":45}},"18":{"start":{"line":38,"column":8},"end":{"line":38,"column":31}},"19":{"start":{"line":38,"column":24},"end":{"line":38,"column":31}},"20":{"start":{"line":40,"column":28},"end":{"line":40,"column":65}},"21":{"start":{"line":41,"column":8},"end":{"line":43,"column":9}},"22":{"start":{"line":42,"column":12},"end":{"line":42,"column":81}},"23":{"start":{"line":47,"column":34},"end":{"line":47,"column":36}},"24":{"start":{"line":48,"column":27},"end":{"line":48,"column":62}},"25":{"start":{"line":50,"column":8},"end":{"line":54,"column":9}},"26":{"start":{"line":51,"column":30},"end":{"line":51,"column":57}},"27":{"start":{"line":52,"column":12},"end":{"line":52,"column":38}},"28":{"start":{"line":53,"column":12},"end":{"line":53,"column":65}},"29":{"start":{"line":56,"column":8},"end":{"line":56,"column":25}},"30":{"start":{"line":4,"column":0},"end":{"line":4,"column":13}}},"fnMap":{"0":{"name":"(anonymous_0)","decl":{"start":{"line":5,"column":4},"end":{"line":5,"column":13}},"loc":{"start":{"line":5,"column":58},"end":{"line":9,"column":5}}},"1":{"name":"(anonymous_1)","decl":{"start":{"line":11,"column":4},"end":{"line":11,"column":9}},"loc":{"start":{"line":11,"column":62},"end":{"line":29,"column":5}}},"2":{"name":"(anonymous_2)","decl":{"start":{"line":23,"column":12},"end":{"line":23,"column":19}},"loc":{"start":{"line":23,"column":23},"end":{"line":23,"column":57}}},"3":{"name":"(anonymous_3)","decl":{"start":{"line":31,"column":4},"end":{"line":31,"column":9}},"loc":{"start":{"line":31,"column":60},"end":{"line":44,"column":5}}},"4":{"name":"(anonymous_4)","decl":{"start":{"line":46,"column":4},"end":{"line":46,"column":9}},"loc":{"start":{"line":46,"column":62},"end":{"line":57,"column":5}}}},"branchMap":{"0":{"loc":{"start":{"line":13,"column":8},"end":{"line":13,"column":85}},"type":"if","locations":[{"start":{"line":13,"column":8},"end":{"line":13,"column":85}},{"start":{},"end":{}}]},"1":{"loc":{"start":{"line":13,"column":12},"end":{"line":13,"column":76}},"type":"binary-expr","locations":[{"start":{"line":13,"column":12},"end":{"line":13,"column":17}},{"start":{"line":13,"column":21},"end":{"line":13,"column":41}},{"start":{"line":13,"column":45},"end":{"line":13,"column":76}}]},"2":{"loc":{"start":{"line":18,"column":8},"end":{"line":18,"column":31}},"type":"if","locations":[{"start":{"line":18,"column":8},"end":{"line":18,"column":31}},{"start":{},"end":{}}]},"3":{"loc":{"start":{"line":26,"column":8},"end":{"line":28,"column":9}},"type":"if","locations":[{"start":{"line":26,"column":8},"end":{"line":28,"column":9}},{"start":{},"end":{}}]},"4":{"loc":{"start":{"line":33,"column":8},"end":{"line":33,"column":83}},"type":"if","locations":[{"start":{"line":33,"column":8},"end":{"line":33,"column":83}},{"start":{},"end":{}}]},"5":{"loc":{"start":{"line":33,"column":12},"end":{"line":33,"column":74}},"type":"binary-expr","locations":[{"start":{"line":33,"column":12},"end":{"line":33,"column":17}},{"start":{"line":33,"column":21},"end":{"line":33,"column":41}},{"start":{"line":33,"column":45},"end":{"line":33,"column":74}}]},"6":{"loc":{"start":{"line":38,"column":8},"end":{"line":38,"column":31}},"type":"if","locations":[{"start":{"line":38,"column":8},"end":{"line":38,"column":31}},{"start":{},"end":{}}]},"7":{"loc":{"start":{"line":41,"column":8},"end":{"line":43,"column":9}},"type":"if","locations":[{"start":{"line":41,"column":8},"end":{"line":43,"column":9}},{"start":{},"end":{}}]},"8":{"loc":{"start":{"line":41,"column":12},"end":{"line":41,"column":54}},"type":"binary-expr","locations":[{"start":{"line":41,"column":12},"end":{"line":41,"column":23}},{"start":{"line":41,"column":27},"end":{"line":41,"column":54}}]},"9":{"loc":{"start":{"line":50,"column":15},"end":{"line":50,"column":58}},"type":"binary-expr","locations":[{"start":{"line":50,"column":15},"end":{"line":50,"column":27}},{"start":{"line":50,"column":31},"end":{"line":50,"column":58}}]}},"s":{"0":0,"1":1,"2":1,"3":1,"4":0,"5":0,"6":0,"7":0,"8":0,"9":0,"10":0,"11":0,"12":0,"13":0,"14":0,"15":0,"16":0,"17":0,"18":0,"19":0,"20":0,"21":0,"22":0,"23":0,"24":0,"25":0,"26":0,"27":0,"28":0,"29":0,"30":1},"f":{"0":0,"1":1,"2":0,"3":0,"4":0},"b":{"0":[1,0],"1":[1,1,1],"2":[0,0],"3":[0,0],"4":[0,0],"5":[0,0,0],"6":[0,0],"7":[0,0],"8":[0,0],"9":[0,0]}},"/app/src/executors/log-executor.ts":{"path":"/app/src/executors/log-executor.ts","statementMap":{"0":{"start":{"line":3,"column":0},"end":{"line":3,"column":36}},"1":{"start":{"line":4,"column":0},"end":{"line":4,"column":44}},"2":{"start":{"line":9,"column":21},"end":{"line":9,"column":61}},"3":{"start":{"line":10,"column":8},"end":{"line":10,"column":37}},"4":{"start":{"line":14,"column":24},"end":{"line":14,"column":68}},"5":{"start":{"line":15,"column":8},"end":{"line":15,"column":83}},"6":{"start":{"line":19,"column":24},"end":{"line":19,"column":68}},"7":{"start":{"line":20,"column":24},"end":{"line":20,"column":66}},"8":{"start":{"line":22,"column":8},"end":{"line":22,"column":48}},"9":{"start":{"line":24,"column":31},"end":{"line":27,"column":10}},"10":{"start":{"line":28,"column":28},"end":{"line":36,"column":10}},"11":{"start":{"line":38,"column":31},"end":{"line":38,"column":72}},"12":{"start":{"line":40,"column":42},"end":{"line":45,"column":10}},"13":{"start":{"line":47,"column":43},"end":{"line":59,"column":10}},"14":{"start":{"line":61,"column":8},"end":{"line":61,"column":58}},"15":{"start":{"line":6,"column":0},"end":{"line":6,"column":13}}},"fnMap":{"0":{"name":"(anonymous_0)","decl":{"start":{"line":8,"column":12},"end":{"line":8,"column":17}},"loc":{"start":{"line":8,"column":77},"end":{"line":11,"column":5}}},"1":{"name":"(anonymous_1)","decl":{"start":{"line":13,"column":4},"end":{"line":13,"column":9}},"loc":{"start":{"line":13,"column":66},"end":{"line":16,"column":5}}},"2":{"name":"(anonymous_2)","decl":{"start":{"line":18,"column":4},"end":{"line":18,"column":9}},"loc":{"start":{"line":18,"column":62},"end":{"line":62,"column":5}}}},"branchMap":{"0":{"loc":{"start":{"line":10,"column":15},"end":{"line":10,"column":36}},"type":"binary-expr","locations":[{"start":{"line":10,"column":15},"end":{"line":10,"column":28}},{"start":{"line":10,"column":32},"end":{"line":10,"column":36}}]},"1":{"loc":{"start":{"line":15,"column":15},"end":{"line":15,"column":82}},"type":"binary-expr","locations":[{"start":{"line":15,"column":15},"end":{"line":15,"column":22}},{"start":{"line":15,"column":26},"end":{"line":15,"column":53}},{"start":{"line":15,"column":57},"end":{"line":15,"column":82}}]},"2":{"loc":{"start":{"line":20,"column":24},"end":{"line":20,"column":66}},"type":"binary-expr","locations":[{"start":{"line":20,"column":24},"end":{"line":20,"column":40}},{"start":{"line":20,"column":44},"end":{"line":20,"column":66}}]}},"s":{"0":1,"1":1,"2":2,"3":2,"4":1,"5":1,"6":1,"7":1,"8":1,"9":1,"10":1,"11":1,"12":1,"13":1,"14":1,"15":1},"f":{"0":2,"1":1,"2":1},"b":{"0":[2,0],"1":[1,1,1],"2":[1,0]}},"/app/src/transducers/text-transducer.ts":{"path":"/app/src/transducers/text-transducer.ts","statementMap":{"0":{"start":{"line":3,"column":0},"end":{"line":3,"column":36}},"1":{"start":{"line":4,"column":0},"end":{"line":4,"column":44}},"2":{"start":{"line":9,"column":8},"end":{"line":11,"column":9}},"3":{"start":{"line":10,"column":12},"end":{"line":10,"column":24}},"4":{"start":{"line":13,"column":21},"end":{"line":13,"column":25}},"5":{"start":{"line":15,"column":29},"end":{"line":18,"column":10}},"6":{"start":{"line":19,"column":26},"end":{"line":27,"column":10}},"7":{"start":{"line":29,"column":24},"end":{"line":29,"column":61}},"8":{"start":{"line":31,"column":35},"end":{"line":36,"column":10}},"9":{"start":{"line":38,"column":36},"end":{"line":51,"column":10}},"10":{"start":{"line":53,"column":8},"end":{"line":53,"column":30}},"11":{"start":{"line":6,"column":0},"end":{"line":6,"column":13}}},"fnMap":{"0":{"name":"(anonymous_0)","decl":{"start":{"line":8,"column":4},"end":{"line":8,"column":11}},"loc":{"start":{"line":8,"column":37},"end":{"line":54,"column":5}}}},"branchMap":{"0":{"loc":{"start":{"line":9,"column":8},"end":{"line":11,"column":9}},"type":"if","locations":[{"start":{"line":9,"column":8},"end":{"line":11,"column":9}},{"start":{},"end":{}}]},"1":{"loc":{"start":{"line":23,"column":20},"end":{"line":23,"column":67}},"type":"cond-expr","locations":[{"start":{"line":23,"column":48},"end":{"line":23,"column":54}},{"start":{"line":23,"column":57},"end":{"line":23,"column":67}}]},"2":{"loc":{"start":{"line":24,"column":25},"end":{"line":24,"column":62}},"type":"cond-expr","locations":[{"start":{"line":24,"column":53},"end":{"line":24,"column":56}},{"start":{"line":24,"column":59},"end":{"line":24,"column":62}}]}},"s":{"0":1,"1":1,"2":1,"3":0,"4":1,"5":1,"6":1,"7":1,"8":1,"9":1,"10":1,"11":1},"f":{"0":1},"b":{"0":[0,1],"1":[1,0],"2":[1,0]}},"/app/src/schemas/oven-safety-schema.ts":{"path":"/app/src/schemas/oven-safety-schema.ts","statementMap":{"0":{"start":{"line":3,"column":0},"end":{"line":3,"column":44}},"1":{"start":{"line":4,"column":0},"end":{"line":4,"column":36}},"2":{"start":{"line":6,"column":13},"end":{"line":25,"column":2}},"3":{"start":{"line":27,"column":13},"end":{"line":68,"column":2}},"4":{"start":{"line":31,"column":29},"end":{"line":31,"column":86}},"5":{"start":{"line":32,"column":26},"end":{"line":40,"column":10}},"6":{"start":{"line":42,"column":40},"end":{"line":47,"column":10}},"7":{"start":{"line":49,"column":41},"end":{"line":61,"column":10}},"8":{"start":{"line":63,"column":8},"end":{"line":66,"column":10}}},"fnMap":{"0":{"name":"(anonymous_0)","decl":{"start":{"line":29,"column":11},"end":{"line":29,"column":16}},"loc":{"start":{"line":29,"column":100},"end":{"line":67,"column":5}}}},"branchMap":{},"s":{"0":1,"1":1,"2":1,"3":1,"4":1,"5":1,"6":1,"7":1,"8":1},"f":{"0":1},"b":{}}}}
