{"/app/src/components/agenda.ts": {"path":"/app/src/components/agenda.ts","statementMap":{"0":{"start":{"line":3,"column":0},"end":{"line":3,"column":54}},"1":{"start":{"line":9,"column":50},"end":{"line":9,"column":52}},"2":{"start":{"line":13,"column":8},"end":{"line":13,"column":61}},"3":{"start":{"line":17,"column":8},"end":{"line":23,"column":9}},"4":{"start":{"line":18,"column":29},"end":{"line":18,"column":58}},"5":{"start":{"line":19,"column":12},"end":{"line":22,"column":13}},"6":{"start":{"line":20,"column":16},"end":{"line":20,"column":31}},"7":{"start":{"line":21,"column":16},"end":{"line":21,"column":23}},"8":{"start":{"line":24,"column":8},"end":{"line":24,"column":55}},"9":{"start":{"line":28,"column":8},"end":{"line":30,"column":9}},"10":{"start":{"line":29,"column":12},"end":{"line":29,"column":24}},"11":{"start":{"line":31,"column":21},"end":{"line":31,"column":37}},"12":{"start":{"line":32,"column":8},"end":{"line":32,"column":40}},"13":{"start":{"line":36,"column":21},"end":{"line":36,"column":31}},"14":{"start":{"line":37,"column":8},"end":{"line":39,"column":9}},"15":{"start":{"line":38,"column":12},"end":{"line":38,"column":24}},"16":{"start":{"line":41,"column":8},"end":{"line":43,"column":11}},"17":{"start":{"line":42,"column":12},"end":{"line":42,"column":48}},"18":{"start":{"line":47,"column":21},"end":{"line":47,"column":38}},"19":{"start":{"line":48,"column":8},"end":{"line":48,"column":40}},"20":{"start":{"line":52,"column":8},"end":{"line":52,"column":33}},"21":{"start":{"line":56,"column":29},"end":{"line":56,"column":47}},"22":{"start":{"line":57,"column":8},"end":{"line":60,"column":9}},"23":{"start":{"line":58,"column":12},"end":{"line":58,"column":44}},"24":{"start":{"line":59,"column":12},"end":{"line":59,"column":61}},"25":{"start":{"line":64,"column":29},"end":{"line":64,"column":47}},"26":{"start":{"line":65,"column":8},"end":{"line":67,"column":9}},"27":{"start":{"line":66,"column":12},"end":{"line":66,"column":51}},"28":{"start":{"line":68,"column":8},"end":{"line":68,"column":21}},"29":{"start":{"line":73,"column":8},"end":{"line":73,"column":36}},"30":{"start":{"line":77,"column":8},"end":{"line":77,"column":34}},"31":{"start":{"line":7,"column":0},"end":{"line":7,"column":13}}},"fnMap":{"0":{"name":"(anonymous_0)","decl":{"start":{"line":11,"column":4},"end":{"line":11,"column":null}},"loc":{"start":{"line":11,"column":4},"end":{"line":14,"column":5}}},"1":{"name":"(anonymous_1)","decl":{"start":{"line":16,"column":4},"end":{"line":16,"column":8}},"loc":{"start":{"line":16,"column":28},"end":{"line":25,"column":5}}},"2":{"name":"(anonymous_2)","decl":{"start":{"line":27,"column":4},"end":{"line":27,"column":7}},"loc":{"start":{"line":27,"column":7},"end":{"line":33,"column":5}}},"3":{"name":"(anonymous_3)","decl":{"start":{"line":35,"column":4},"end":{"line":35,"column":9}},"loc":{"start":{"line":35,"column":19},"end":{"line":44,"column":5}}},"4":{"name":"(anonymous_4)","decl":{"start":{"line":41,"column":42},"end":{"line":41,"column":43}},"loc":{"start":{"line":41,"column":54},"end":{"line":43,"column":9}}},"5":{"name":"(anonymous_5)","decl":{"start":{"line":46,"column":4},"end":{"line":46,"column":8}},"loc":{"start":{"line":46,"column":8},"end":{"line":49,"column":5}}},"6":{"name":"(anonymous_6)","decl":{"start":{"line":51,"column":4},"end":{"line":51,"column":8}},"loc":{"start":{"line":51,"column":8},"end":{"line":53,"column":5}}},"7":{"name":"(anonymous_7)","decl":{"start":{"line":55,"column":4},"end":{"line":55,"column":19}},"loc":{"start":{"line":55,"column":52},"end":{"line":61,"column":5}}},"8":{"name":"(anonymous_8)","decl":{"start":{"line":63,"column":4},"end":{"line":63,"column":10}},"loc":{"start":{"line":63,"column":19},"end":{"line":69,"column":5}}},"9":{"name":"(anonymous_9)","decl":{"start":{"line":72,"column":4},"end":{"line":72,"column":15}},"loc":{"start":{"line":72,"column":15},"end":{"line":74,"column":5}}},"10":{"name":"(anonymous_10)","decl":{"start":{"line":76,"column":4},"end":{"line":76,"column":7}},"loc":{"start":{"line":76,"column":16},"end":{"line":78,"column":5}}}},"branchMap":{"0":{"loc":{"start":{"line":17,"column":8},"end":{"line":23,"column":9}},"type":"if","locations":[{"start":{"line":17,"column":8},"end":{"line":23,"column":9}},{"start":{},"end":{}}]},"1":{"loc":{"start":{"line":19,"column":12},"end":{"line":22,"column":13}},"type":"if","locations":[{"start":{"line":19,"column":12},"end":{"line":22,"column":13}},{"start":{},"end":{}}]},"2":{"loc":{"start":{"line":28,"column":8},"end":{"line":30,"column":9}},"type":"if","locations":[{"start":{"line":28,"column":8},"end":{"line":30,"column":9}},{"start":{},"end":{}}]},"3":{"loc":{"start":{"line":32,"column":15},"end":{"line":32,"column":39}},"type":"cond-expr","locations":[{"start":{"line":32,"column":22},"end":{"line":32,"column":32}},{"start":{"line":32,"column":35},"end":{"line":32,"column":39}}]},"4":{"loc":{"start":{"line":37,"column":8},"end":{"line":39,"column":9}},"type":"if","locations":[{"start":{"line":37,"column":8},"end":{"line":39,"column":9}},{"start":{},"end":{}}]},"5":{"loc":{"start":{"line":48,"column":15},"end":{"line":48,"column":39}},"type":"cond-expr","locations":[{"start":{"line":48,"column":22},"end":{"line":48,"column":32}},{"start":{"line":48,"column":35},"end":{"line":48,"column":39}}]},"6":{"loc":{"start":{"line":57,"column":8},"end":{"line":60,"column":9}},"type":"if","locations":[{"start":{"line":57,"column":8},"end":{"line":60,"column":9}},{"start":{},"end":{}}]},"7":{"loc":{"start":{"line":65,"column":8},"end":{"line":67,"column":9}},"type":"if","locations":[{"start":{"line":65,"column":8},"end":{"line":67,"column":9}},{"start":{},"end":{}}]}},"s":{"0":1,"1":7,"2":7,"3":10,"4":1,"5":1,"6":1,"7":1,"8":9,"9":5,"10":2,"11":3,"12":3,"13":1,"14":1,"15":0,"16":1,"17":1,"18":6,"19":6,"20":10,"21":1,"22":1,"23":1,"24":1,"25":2,"26":2,"27":1,"28":1,"29":0,"30":0,"31":1},"f":{"0":7,"1":10,"2":5,"3":1,"4":1,"5":6,"6":10,"7":1,"8":2,"9":0,"10":0},"b":{"0":[1,9],"1":[1,0],"2":[2,3],"3":[3,0],"4":[0,1],"5":[5,1],"6":[1,0],"7":[1,1]}}
,"/app/src/lib/priority-queue.ts": {"path":"/app/src/lib/priority-queue.ts","statementMap":{"0":{"start":{"line":8,"column":12},"end":{"line":8,"column":13}},"1":{"start":{"line":9,"column":15},"end":{"line":9,"column":49}},"2":{"start":{"line":9,"column":30},"end":{"line":9,"column":49}},"3":{"start":{"line":10,"column":13},"end":{"line":10,"column":40}},"4":{"start":{"line":10,"column":28},"end":{"line":10,"column":40}},"5":{"start":{"line":11,"column":14},"end":{"line":11,"column":41}},"6":{"start":{"line":11,"column":29},"end":{"line":11,"column":41}},"7":{"start":{"line":19,"column":8},"end":{"line":19,"column":24}},"8":{"start":{"line":20,"column":8},"end":{"line":20,"column":49}},"9":{"start":{"line":21,"column":8},"end":{"line":25,"column":9}},"10":{"start":{"line":22,"column":12},"end":{"line":22,"column":65}},"11":{"start":{"line":22,"column":41},"end":{"line":22,"column":64}},"12":{"start":{"line":24,"column":12},"end":{"line":24,"column":65}},"13":{"start":{"line":24,"column":41},"end":{"line":24,"column":64}},"14":{"start":{"line":29,"column":8},"end":{"line":29,"column":33}},"15":{"start":{"line":33,"column":8},"end":{"line":33,"column":33}},"16":{"start":{"line":37,"column":8},"end":{"line":37,"column":62}},"17":{"start":{"line":41,"column":21},"end":{"line":41,"column":40}},"18":{"start":{"line":42,"column":8},"end":{"line":42,"column":30}},"19":{"start":{"line":43,"column":8},"end":{"line":43,"column":52}},"20":{"start":{"line":44,"column":8},"end":{"line":44,"column":23}},"21":{"start":{"line":45,"column":8},"end":{"line":45,"column":27}},"22":{"start":{"line":49,"column":8},"end":{"line":51,"column":9}},"23":{"start":{"line":50,"column":12},"end":{"line":50,"column":24}},"24":{"start":{"line":52,"column":28},"end":{"line":52,"column":39}},"25":{"start":{"line":53,"column":23},"end":{"line":53,"column":38}},"26":{"start":{"line":54,"column":8},"end":{"line":56,"column":9}},"27":{"start":{"line":55,"column":12},"end":{"line":55,"column":36}},"28":{"start":{"line":57,"column":8},"end":{"line":57,"column":25}},"29":{"start":{"line":58,"column":8},"end":{"line":60,"column":9}},"30":{"start":{"line":59,"column":12},"end":{"line":59,"column":54}},"31":{"start":{"line":61,"column":8},"end":{"line":61,"column":25}},"32":{"start":{"line":62,"column":8},"end":{"line":62,"column":27}},"33":{"start":{"line":66,"column":22},"end":{"line":66,"column":48}},"34":{"start":{"line":67,"column":8},"end":{"line":69,"column":9}},"35":{"start":{"line":68,"column":12},"end":{"line":68,"column":25}},"36":{"start":{"line":71,"column":23},"end":{"line":71,"column":38}},"37":{"start":{"line":72,"column":8},"end":{"line":74,"column":9}},"38":{"start":{"line":73,"column":12},"end":{"line":73,"column":38}},"39":{"start":{"line":75,"column":8},"end":{"line":75,"column":25}},"40":{"start":{"line":76,"column":8},"end":{"line":76,"column":38}},"41":{"start":{"line":79,"column":8},"end":{"line":83,"column":9}},"42":{"start":{"line":80,"column":30},"end":{"line":80,"column":47}},"43":{"start":{"line":81,"column":12},"end":{"line":81,"column":36}},"44":{"start":{"line":82,"column":12},"end":{"line":82,"column":38}},"45":{"start":{"line":85,"column":8},"end":{"line":85,"column":20}},"46":{"start":{"line":89,"column":22},"end":{"line":89,"column":48}},"47":{"start":{"line":90,"column":8},"end":{"line":93,"column":9}},"48":{"start":{"line":91,"column":12},"end":{"line":91,"column":39}},"49":{"start":{"line":92,"column":12},"end":{"line":92,"column":19}},"50":{"start":{"line":95,"column":28},"end":{"line":95,"column":54}},"51":{"start":{"line":96,"column":8},"end":{"line":96,"column":46}},"52":{"start":{"line":98,"column":8},"end":{"line":102,"column":9}},"53":{"start":{"line":99,"column":12},"end":{"line":99,"column":36}},"54":{"start":{"line":101,"column":12},"end":{"line":101,"column":38}},"55":{"start":{"line":106,"column":8},"end":{"line":106,"column":62}},"56":{"start":{"line":110,"column":22},"end":{"line":110,"column":35}},"57":{"start":{"line":111,"column":22},"end":{"line":111,"column":35}},"58":{"start":{"line":112,"column":8},"end":{"line":112,"column":44}},"59":{"start":{"line":113,"column":8},"end":{"line":113,"column":44}},"60":{"start":{"line":114,"column":8},"end":{"line":114,"column":72}},"61":{"start":{"line":118,"column":8},"end":{"line":118,"column":42}},"62":{"start":{"line":122,"column":19},"end":{"line":122,"column":28}},"63":{"start":{"line":123,"column":8},"end":{"line":126,"column":9}},"64":{"start":{"line":124,"column":12},"end":{"line":124,"column":43}},"65":{"start":{"line":125,"column":12},"end":{"line":125,"column":32}},"66":{"start":{"line":130,"column":8},"end":{"line":130,"column":32}},"67":{"start":{"line":134,"column":19},"end":{"line":134,"column":28}},"68":{"start":{"line":135,"column":8},"end":{"line":142,"column":9}},"69":{"start":{"line":139,"column":29},"end":{"line":139,"column":125}},"70":{"start":{"line":140,"column":12},"end":{"line":140,"column":39}},"71":{"start":{"line":141,"column":12},"end":{"line":141,"column":28}},"72":{"start":{"line":146,"column":8},"end":{"line":146,"column":50}},"73":{"start":{"line":146,"column":38},"end":{"line":146,"column":48}},"74":{"start":{"line":150,"column":8},"end":{"line":150,"column":24}},"75":{"start":{"line":151,"column":8},"end":{"line":151,"column":29}},"76":{"start":{"line":155,"column":22},"end":{"line":155,"column":42}},"77":{"start":{"line":156,"column":8},"end":{"line":158,"column":9}},"78":{"start":{"line":157,"column":12},"end":{"line":157,"column":43}},"79":{"start":{"line":159,"column":8},"end":{"line":159,"column":20}},"80":{"start":{"line":13,"column":0},"end":{"line":13,"column":13}}},"fnMap":{"0":{"name":"(anonymous_0)","decl":{"start":{"line":9,"column":15},"end":{"line":9,"column":16}},"loc":{"start":{"line":9,"column":30},"end":{"line":9,"column":49}}},"1":{"name":"(anonymous_1)","decl":{"start":{"line":10,"column":13},"end":{"line":10,"column":14}},"loc":{"start":{"line":10,"column":28},"end":{"line":10,"column":40}}},"2":{"name":"(anonymous_2)","decl":{"start":{"line":11,"column":14},"end":{"line":11,"column":15}},"loc":{"start":{"line":11,"column":29},"end":{"line":11,"column":41}}},"3":{"name":"(anonymous_3)","decl":{"start":{"line":18,"column":4},"end":{"line":18,"column":16}},"loc":{"start":{"line":18,"column":39},"end":{"line":26,"column":5}}},"4":{"name":"(anonymous_4)","decl":{"start":{"line":22,"column":31},"end":{"line":22,"column":32}},"loc":{"start":{"line":22,"column":41},"end":{"line":22,"column":64}}},"5":{"name":"(anonymous_5)","decl":{"start":{"line":24,"column":31},"end":{"line":24,"column":32}},"loc":{"start":{"line":24,"column":41},"end":{"line":24,"column":64}}},"6":{"name":"(anonymous_6)","decl":{"start":{"line":28,"column":4},"end":{"line":28,"column":8}},"loc":{"start":{"line":28,"column":8},"end":{"line":30,"column":5}}},"7":{"name":"(anonymous_7)","decl":{"start":{"line":32,"column":4},"end":{"line":32,"column":11}},"loc":{"start":{"line":32,"column":11},"end":{"line":34,"column":5}}},"8":{"name":"(anonymous_8)","decl":{"start":{"line":36,"column":4},"end":{"line":36,"column":8}},"loc":{"start":{"line":36,"column":8},"end":{"line":38,"column":5}}},"9":{"name":"(anonymous_9)","decl":{"start":{"line":40,"column":4},"end":{"line":40,"column":8}},"loc":{"start":{"line":40,"column":35},"end":{"line":46,"column":5}}},"10":{"name":"(anonymous_10)","decl":{"start":{"line":48,"column":4},"end":{"line":48,"column":7}},"loc":{"start":{"line":48,"column":7},"end":{"line":63,"column":5}}},"11":{"name":"(anonymous_11)","decl":{"start":{"line":65,"column":4},"end":{"line":65,"column":10}},"loc":{"start":{"line":65,"column":19},"end":{"line":86,"column":5}}},"12":{"name":"(anonymous_12)","decl":{"start":{"line":88,"column":4},"end":{"line":88,"column":10}},"loc":{"start":{"line":88,"column":37},"end":{"line":103,"column":5}}},"13":{"name":"(anonymous_13)","decl":{"start":{"line":105,"column":12},"end":{"line":105,"column":20}},"loc":{"start":{"line":105,"column":41},"end":{"line":107,"column":5}}},"14":{"name":"(anonymous_14)","decl":{"start":{"line":109,"column":12},"end":{"line":109,"column":17}},"loc":{"start":{"line":109,"column":38},"end":{"line":115,"column":5}}},"15":{"name":"(anonymous_15)","decl":{"start":{"line":117,"column":12},"end":{"line":117,"column":19}},"loc":{"start":{"line":117,"column":19},"end":{"line":119,"column":5}}},"16":{"name":"(anonymous_16)","decl":{"start":{"line":121,"column":12},"end":{"line":121,"column":23}},"loc":{"start":{"line":121,"column":41},"end":{"line":127,"column":5}}},"17":{"name":"(anonymous_17)","decl":{"start":{"line":129,"column":12},"end":{"line":129,"column":21}},"loc":{"start":{"line":129,"column":21},"end":{"line":131,"column":5}}},"18":{"name":"(anonymous_18)","decl":{"start":{"line":133,"column":12},"end":{"line":133,"column":25}},"loc":{"start":{"line":133,"column":43},"end":{"line":143,"column":5}}},"19":{"name":"(anonymous_19)","decl":{"start":{"line":145,"column":4},"end":{"line":145,"column":11}},"loc":{"start":{"line":145,"column":11},"end":{"line":147,"column":5}}},"20":{"name":"(anonymous_20)","decl":{"start":{"line":146,"column":30},"end":{"line":146,"column":34}},"loc":{"start":{"line":146,"column":38},"end":{"line":146,"column":48}}},"21":{"name":"(anonymous_21)","decl":{"start":{"line":149,"column":4},"end":{"line":149,"column":9}},"loc":{"start":{"line":149,"column":9},"end":{"line":152,"column":5}}},"22":{"name":"(anonymous_22)","decl":{"start":{"line":154,"column":4},"end":{"line":154,"column":7}},"loc":{"start":{"line":154,"column":18},"end":{"line":160,"column":5}}}},"branchMap":{"0":{"loc":{"start":{"line":21,"column":8},"end":{"line":25,"column":9}},"type":"if","locations":[{"start":{"line":21,"column":8},"end":{"line":25,"column":9}},{"start":{"line":23,"column":15},"end":{"line":25,"column":9}}]},"1":{"loc":{"start":{"line":37,"column":15},"end":{"line":37,"column":61}},"type":"cond-expr","locations":[{"start":{"line":37,"column":39},"end":{"line":37,"column":54}},{"start":{"line":37,"column":57},"end":{"line":37,"column":61}}]},"2":{"loc":{"start":{"line":49,"column":8},"end":{"line":51,"column":9}},"type":"if","locations":[{"start":{"line":49,"column":8},"end":{"line":51,"column":9}},{"start":{},"end":{}}]},"3":{"loc":{"start":{"line":54,"column":8},"end":{"line":56,"column":9}},"type":"if","locations":[{"start":{"line":54,"column":8},"end":{"line":56,"column":9}},{"start":{},"end":{}}]},"4":{"loc":{"start":{"line":58,"column":8},"end":{"line":60,"column":9}},"type":"if","locations":[{"start":{"line":58,"column":8},"end":{"line":60,"column":9}},{"start":{},"end":{}}]},"5":{"loc":{"start":{"line":67,"column":8},"end":{"line":69,"column":9}},"type":"if","locations":[{"start":{"line":67,"column":8},"end":{"line":69,"column":9}},{"start":{},"end":{}}]},"6":{"loc":{"start":{"line":72,"column":8},"end":{"line":74,"column":9}},"type":"if","locations":[{"start":{"line":72,"column":8},"end":{"line":74,"column":9}},{"start":{},"end":{}}]},"7":{"loc":{"start":{"line":79,"column":8},"end":{"line":83,"column":9}},"type":"if","locations":[{"start":{"line":79,"column":8},"end":{"line":83,"column":9}},{"start":{},"end":{}}]},"8":{"loc":{"start":{"line":90,"column":8},"end":{"line":93,"column":9}},"type":"if","locations":[{"start":{"line":90,"column":8},"end":{"line":93,"column":9}},{"start":{},"end":{}}]},"9":{"loc":{"start":{"line":98,"column":8},"end":{"line":102,"column":9}},"type":"if","locations":[{"start":{"line":98,"column":8},"end":{"line":102,"column":9}},{"start":{"line":100,"column":15},"end":{"line":102,"column":9}}]},"10":{"loc":{"start":{"line":123,"column":15},"end":{"line":123,"column":62}},"type":"binary-expr","locations":[{"start":{"line":123,"column":15},"end":{"line":123,"column":25}},{"start":{"line":123,"column":29},"end":{"line":123,"column":62}}]},"11":{"loc":{"start":{"line":136,"column":12},"end":{"line":137,"column":75}},"type":"binary-expr","locations":[{"start":{"line":136,"column":13},"end":{"line":136,"column":37}},{"start":{"line":136,"column":41},"end":{"line":136,"column":72}},{"start":{"line":137,"column":13},"end":{"line":137,"column":38}},{"start":{"line":137,"column":42},"end":{"line":137,"column":74}}]},"12":{"loc":{"start":{"line":139,"column":29},"end":{"line":139,"column":125}},"type":"cond-expr","locations":[{"start":{"line":139,"column":101},"end":{"line":139,"column":112}},{"start":{"line":139,"column":115},"end":{"line":139,"column":125}}]},"13":{"loc":{"start":{"line":139,"column":30},"end":{"line":139,"column":97}},"type":"binary-expr","locations":[{"start":{"line":139,"column":30},"end":{"line":139,"column":55}},{"start":{"line":139,"column":59},"end":{"line":139,"column":97}}]},"14":{"loc":{"start":{"line":156,"column":8},"end":{"line":158,"column":9}},"type":"if","locations":[{"start":{"line":156,"column":8},"end":{"line":158,"column":9}},{"start":{},"end":{}}]}},"s":{"0":1,"1":1,"2":13,"3":1,"4":4,"5":1,"6":3,"7":7,"8":7,"9":7,"10":7,"11":7,"12":0,"13":0,"14":56,"15":8,"16":9,"17":9,"18":9,"19":9,"20":9,"21":9,"22":3,"23":0,"24":3,"25":3,"26":3,"27":2,"28":3,"29":3,"30":3,"31":3,"32":3,"33":1,"34":1,"35":0,"36":1,"37":1,"38":0,"39":1,"40":1,"41":1,"42":0,"43":0,"44":0,"45":1,"46":1,"47":1,"48":0,"49":0,"50":1,"51":1,"52":1,"53":1,"54":0,"55":6,"56":6,"57":6,"58":6,"59":6,"60":6,"61":9,"62":10,"63":10,"64":4,"65":4,"66":3,"67":3,"68":3,"69":0,"70":0,"71":0,"72":0,"73":0,"74":0,"75":0,"76":3,"77":3,"78":2,"79":1,"80":1},"f":{"0":13,"1":4,"2":3,"3":7,"4":7,"5":0,"6":56,"7":8,"8":9,"9":9,"10":3,"11":1,"12":1,"13":6,"14":6,"15":9,"16":10,"17":3,"18":3,"19":0,"20":0,"21":0,"22":3},"b":{"0":[7,0],"1":[8,1],"2":[0,3],"3":[2,1],"4":[3,0],"5":[0,1],"6":[0,1],"7":[0,1],"8":[0,1],"9":[1,0],"10":[14,5],"11":[3,1,3,0],"12":[0,0],"13":[0,0],"14":[2,1]}}
}
