{"total": {"lines":{"total":504,"covered":376,"skipped":0,"pct":74.6},"statements":{"total":533,"covered":387,"skipped":0,"pct":72.6},"functions":{"total":106,"covered":77,"skipped":0,"pct":72.64},"branches":{"total":250,"covered":142,"skipped":0,"pct":56.8},"branchesTrue":{"total":0,"covered":0,"skipped":0,"pct":100}}
,"/app/src/components/action.ts": {"lines":{"total":23,"covered":17,"skipped":0,"pct":73.91},"functions":{"total":4,"covered":4,"skipped":0,"pct":100},"statements":{"total":23,"covered":17,"skipped":0,"pct":73.91},"branches":{"total":12,"covered":5,"skipped":0,"pct":41.66}}
,"/app/src/components/agenda.ts": {"lines":{"total":32,"covered":30,"skipped":0,"pct":93.75},"functions":{"total":11,"covered":10,"skipped":0,"pct":90.9},"statements":{"total":32,"covered":30,"skipped":0,"pct":93.75},"branches":{"total":16,"covered":12,"skipped":0,"pct":75}}
,"/app/src/components/perception.ts": {"lines":{"total":19,"covered":18,"skipped":0,"pct":94.73},"functions":{"total":3,"covered":3,"skipped":0,"pct":100},"statements":{"total":19,"covered":18,"skipped":0,"pct":94.73},"branches":{"total":6,"covered":3,"skipped":0,"pct":50}}
,"/app/src/components/world-model.ts": {"lines":{"total":84,"covered":67,"skipped":0,"pct":79.76},"functions":{"total":22,"covered":16,"skipped":0,"pct":72.72},"statements":{"total":90,"covered":69,"skipped":0,"pct":76.66},"branches":{"total":37,"covered":24,"skipped":0,"pct":64.86}}
,"/app/src/core/event-bus.ts": {"lines":{"total":11,"covered":6,"skipped":0,"pct":54.54},"functions":{"total":5,"covered":1,"skipped":0,"pct":20},"statements":{"total":11,"covered":6,"skipped":0,"pct":54.54},"branches":{"total":2,"covered":1,"skipped":0,"pct":50}}
,"/app/src/core/worker.ts": {"lines":{"total":60,"covered":46,"skipped":0,"pct":76.66},"functions":{"total":5,"covered":3,"skipped":0,"pct":60},"statements":{"total":63,"covered":46,"skipped":0,"pct":73.01},"branches":{"total":34,"covered":20,"skipped":0,"pct":58.82}}
,"/app/src/executors/log-executor.ts": {"lines":{"total":16,"covered":16,"skipped":0,"pct":100},"functions":{"total":3,"covered":3,"skipped":0,"pct":100},"statements":{"total":16,"covered":16,"skipped":0,"pct":100},"branches":{"total":7,"covered":5,"skipped":0,"pct":71.42}}
,"/app/src/lib/priority-queue.ts": {"lines":{"total":75,"covered":59,"skipped":0,"pct":78.66},"functions":{"total":23,"covered":19,"skipped":0,"pct":82.6},"statements":{"total":81,"covered":63,"skipped":0,"pct":77.77},"branches":{"total":32,"covered":19,"skipped":0,"pct":59.37}}
,"/app/src/lib/utils.ts": {"lines":{"total":30,"covered":18,"skipped":0,"pct":60},"functions":{"total":5,"covered":4,"skipped":0,"pct":80},"statements":{"total":33,"covered":19,"skipped":0,"pct":57.57},"branches":{"total":20,"covered":11,"skipped":0,"pct":55}}
,"/app/src/modules/attention.ts": {"lines":{"total":36,"covered":16,"skipped":0,"pct":44.44},"functions":{"total":9,"covered":4,"skipped":0,"pct":44.44},"statements":{"total":39,"covered":18,"skipped":0,"pct":46.15},"branches":{"total":9,"covered":2,"skipped":0,"pct":22.22}}
,"/app/src/modules/goal-tree-manager.ts": {"lines":{"total":27,"covered":3,"skipped":0,"pct":11.11},"functions":{"total":5,"covered":1,"skipped":0,"pct":20},"statements":{"total":31,"covered":4,"skipped":0,"pct":12.9},"branches":{"total":22,"covered":4,"skipped":0,"pct":18.18}}
,"/app/src/modules/resonance.ts": {"lines":{"total":34,"covered":27,"skipped":0,"pct":79.41},"functions":{"total":6,"covered":4,"skipped":0,"pct":66.66},"statements":{"total":37,"covered":28,"skipped":0,"pct":75.67},"branches":{"total":18,"covered":10,"skipped":0,"pct":55.55}}
,"/app/src/modules/schema-matcher.ts": {"lines":{"total":36,"covered":33,"skipped":0,"pct":91.66},"functions":{"total":3,"covered":3,"skipped":0,"pct":100},"statements":{"total":37,"covered":33,"skipped":0,"pct":89.18},"branches":{"total":29,"covered":23,"skipped":0,"pct":79.31}}
,"/app/src/schemas/oven-safety-schema.ts": {"lines":{"total":9,"covered":9,"skipped":0,"pct":100},"functions":{"total":1,"covered":1,"skipped":0,"pct":100},"statements":{"total":9,"covered":9,"skipped":0,"pct":100},"branches":{"total":0,"covered":0,"skipped":0,"pct":100}}
,"/app/src/transducers/text-transducer.ts": {"lines":{"total":12,"covered":11,"skipped":0,"pct":91.66},"functions":{"total":1,"covered":1,"skipped":0,"pct":100},"statements":{"total":12,"covered":11,"skipped":0,"pct":91.66},"branches":{"total":6,"covered":3,"skipped":0,"pct":50}}
}
