TN:
SF:src/components/action.ts
FN:7,(anonymous_0)
FN:9,(anonymous_1)
FN:14,(anonymous_2)
FN:23,(anonymous_3)
FNF:4
FNH:4
FNDA:1,(anonymous_0)
FNDA:1,(anonymous_1)
FNDA:1,(anonymous_2)
FNDA:1,(anonymous_3)
DA:4,1
DA:5,1
DA:7,1
DA:10,1
DA:11,1
DA:15,1
DA:16,1
DA:17,1
DA:20,0
DA:24,1
DA:25,0
DA:28,1
DA:30,1
DA:31,0
DA:34,1
DA:35,1
DA:36,1
DA:39,1
DA:40,1
DA:43,1
DA:45,0
DA:47,0
DA:48,0
LF:23
LH:17
BRDA:16,0,0,1
BRDA:16,0,1,0
BRDA:24,1,0,0
BRDA:24,1,1,1
BRDA:30,2,0,0
BRDA:30,2,1,1
BRDA:35,3,0,1
BRDA:35,3,1,0
BRDA:40,4,0,1
BRDA:40,4,1,0
BRDA:45,5,0,0
BRDA:45,5,1,0
BRF:12
BRH:5
end_of_record
TN:
SF:src/components/agenda.ts
FN:11,(anonymous_0)
FN:16,(anonymous_1)
FN:27,(anonymous_2)
FN:35,(anonymous_3)
FN:41,(anonymous_4)
FN:46,(anonymous_5)
FN:51,(anonymous_6)
FN:55,(anonymous_7)
FN:63,(anonymous_8)
FN:72,(anonymous_9)
FN:76,(anonymous_10)
FNF:11
FNH:10
FNDA:8,(anonymous_0)
FNDA:13,(anonymous_1)
FNDA:8,(anonymous_2)
FNDA:1,(anonymous_3)
FNDA:1,(anonymous_4)
FNDA:9,(anonymous_5)
FNDA:14,(anonymous_6)
FNDA:1,(anonymous_7)
FNDA:2,(anonymous_8)
FNDA:0,(anonymous_9)
FNDA:4,(anonymous_10)
DA:3,2
DA:7,2
DA:9,8
DA:13,8
DA:17,13
DA:18,1
DA:19,1
DA:20,1
DA:21,1
DA:24,12
DA:28,8
DA:29,2
DA:31,6
DA:32,6
DA:36,1
DA:37,1
DA:38,0
DA:41,1
DA:42,1
DA:47,9
DA:48,9
DA:52,14
DA:56,1
DA:57,1
DA:58,1
DA:59,1
DA:64,2
DA:65,2
DA:66,1
DA:68,1
DA:73,0
DA:77,4
LF:32
LH:30
BRDA:17,0,0,1
BRDA:17,0,1,12
BRDA:19,1,0,1
BRDA:19,1,1,0
BRDA:28,2,0,2
BRDA:28,2,1,6
BRDA:32,3,0,6
BRDA:32,3,1,0
BRDA:37,4,0,0
BRDA:37,4,1,1
BRDA:48,5,0,8
BRDA:48,5,1,1
BRDA:57,6,0,1
BRDA:57,6,1,0
BRDA:65,7,0,1
BRDA:65,7,1,1
BRF:16
BRH:12
end_of_record
TN:
SF:src/components/perception.ts
FN:6,(anonymous_0)
FN:11,(anonymous_1)
FN:21,(anonymous_2)
FNF:3
FNH:3
FNDA:1,(anonymous_0)
FNDA:1,(anonymous_1)
FNDA:1,(anonymous_2)
DA:3,1
DA:4,1
DA:7,1
DA:8,1
DA:12,1
DA:13,1
DA:22,1
DA:23,1
DA:24,1
DA:25,1
DA:26,1
DA:29,1
DA:30,1
DA:31,1
DA:33,1
DA:34,1
DA:35,1
DA:39,1
DA:40,0
LF:19
LH:18
BRDA:25,0,0,1
BRDA:25,0,1,0
BRDA:33,1,0,1
BRDA:33,1,1,0
BRDA:39,2,0,0
BRDA:39,2,1,1
BRF:6
BRH:3
end_of_record
TN:
SF:src/components/world-model.ts
FN:72,(anonymous_0)
FN:81,(anonymous_1)
FN:99,(anonymous_2)
FN:101,(anonymous_3)
FN:107,(anonymous_4)
FN:125,(anonymous_5)
FN:129,(anonymous_6)
FN:139,(anonymous_7)
FN:147,(anonymous_8)
FN:159,(anonymous_9)
FN:164,(anonymous_10)
FN:169,(anonymous_11)
FN:172,(anonymous_12)
FN:175,(anonymous_13)
FN:179,(anonymous_14)
FN:185,(anonymous_15)
FN:185,(anonymous_16)
FN:197,(anonymous_17)
FN:222,(anonymous_18)
FN:227,(anonymous_19)
FN:231,(anonymous_20)
FN:233,(anonymous_21)
FNF:22
FNH:16
FNDA:2,(anonymous_0)
FNDA:2,(anonymous_1)
FNDA:2,(anonymous_2)
FNDA:2,(anonymous_3)
FNDA:2,(anonymous_4)
FNDA:1,(anonymous_5)
FNDA:11,(anonymous_6)
FNDA:10,(anonymous_7)
FNDA:7,(anonymous_8)
FNDA:27,(anonymous_9)
FNDA:9,(anonymous_10)
FNDA:7,(anonymous_11)
FNDA:5,(anonymous_12)
FNDA:0,(anonymous_13)
FNDA:0,(anonymous_14)
FNDA:0,(anonymous_15)
FNDA:0,(anonymous_16)
FNDA:4,(anonymous_17)
FNDA:0,(anonymous_18)
FNDA:0,(anonymous_19)
FNDA:2,(anonymous_20)
FNDA:12,(anonymous_21)
DA:15,2
DA:18,2
DA:25,2
DA:26,2
DA:27,2
DA:29,2
DA:31,2
DA:34,2
DA:49,2
DA:71,2
DA:73,2
DA:74,2
DA:75,2
DA:76,2
DA:77,2
DA:78,2
DA:79,2
DA:82,2
DA:87,2
DA:91,2
DA:96,2
DA:97,2
DA:102,2
DA:103,2
DA:104,2
DA:108,2
DA:109,2
DA:113,2
DA:117,2
DA:118,2
DA:121,2
DA:122,2
DA:126,1
DA:130,11
DA:131,11
DA:132,0
DA:133,0
DA:134,0
DA:136,11
DA:140,10
DA:141,10
DA:142,10
DA:143,1
DA:148,7
DA:149,7
DA:150,7
DA:151,7
DA:152,7
DA:153,7
DA:154,0
DA:160,27
DA:161,27
DA:165,9
DA:166,9
DA:170,7
DA:171,7
DA:172,7
DA:176,0
DA:180,0
DA:181,0
DA:184,0
DA:185,0
DA:187,0
DA:188,0
DA:191,0
DA:194,0
DA:198,4
DA:200,4
DA:201,4
DA:203,4
DA:205,2
DA:206,0
DA:208,2
DA:209,2
DA:212,2
DA:213,2
DA:216,2
DA:218,2
DA:223,0
DA:224,0
DA:228,0
DA:232,2
DA:233,12
DA:234,2
LF:84
LH:67
BRDA:76,0,0,0
BRDA:76,0,1,2
BRDA:82,1,0,2
BRDA:82,1,1,0
BRDA:82,1,2,0
BRDA:131,2,0,0
BRDA:131,2,1,11
BRDA:131,3,0,11
BRDA:131,3,1,11
BRDA:142,4,0,1
BRDA:142,4,1,9
BRDA:149,5,0,7
BRDA:149,5,1,0
BRDA:153,6,0,0
BRDA:153,6,1,7
BRDA:153,7,0,7
BRDA:153,7,1,1
BRDA:161,8,0,26
BRDA:161,8,1,1
BRDA:166,9,0,9
BRDA:166,9,1,0
BRDA:180,10,0,0
BRDA:180,10,1,0
BRDA:187,11,0,0
BRDA:187,11,1,0
BRDA:198,12,0,0
BRDA:198,12,1,4
BRDA:198,13,0,4
BRDA:198,13,1,4
BRDA:201,14,0,4
BRDA:201,14,1,2
BRDA:203,15,0,2
BRDA:203,15,1,2
BRDA:203,16,0,4
BRDA:203,16,1,2
BRDA:205,17,0,0
BRDA:205,17,1,2
BRF:37
BRH:24
end_of_record
TN:
SF:src/core/event-bus.ts
FN:12,(anonymous_0)
FN:19,(anonymous_1)
FN:21,(anonymous_2)
FN:22,(anonymous_3)
FN:26,(anonymous_4)
FNF:5
FNH:1
FNDA:11,(anonymous_0)
FNDA:0,(anonymous_1)
FNDA:0,(anonymous_2)
FNDA:0,(anonymous_3)
FNDA:0,(anonymous_4)
DA:1,2
DA:2,2
DA:9,2
DA:10,2
DA:13,11
DA:14,0
DA:16,11
DA:20,0
DA:21,0
DA:22,0
DA:27,0
LF:11
LH:6
BRDA:13,0,0,0
BRDA:13,0,1,11
BRF:2
BRH:1
end_of_record
TN:
SF:src/core/worker.ts
FN:8,(anonymous_0)
FN:18,(anonymous_1)
FN:23,(anonymous_2)
FN:33,(anonymous_3)
FN:42,(anonymous_4)
FNF:5
FNH:3
FNDA:1,(anonymous_0)
FNDA:0,(anonymous_1)
FNDA:0,(anonymous_2)
FNDA:3,(anonymous_3)
FNDA:3,(anonymous_4)
DA:5,1
DA:6,1
DA:9,1
DA:10,1
DA:11,1
DA:12,1
DA:13,1
DA:14,1
DA:15,1
DA:19,0
DA:20,0
DA:24,0
DA:25,0
DA:26,0
DA:27,0
DA:28,0
DA:30,0
DA:34,3
DA:35,3
DA:36,0
DA:38,3
DA:39,3
DA:43,3
DA:45,3
DA:50,3
DA:51,4
DA:52,4
DA:53,1
DA:54,1
DA:57,1
DA:58,1
DA:62,1
DA:63,1
DA:64,1
DA:67,1
DA:72,1
DA:79,1
DA:80,1
DA:81,1
DA:85,1
DA:87,1
DA:90,1
DA:93,0
DA:99,3
DA:100,1
DA:101,1
DA:104,1
DA:105,1
DA:110,3
DA:111,2
DA:112,2
DA:115,0
DA:120,3
DA:123,3
DA:125,1
DA:126,1
DA:127,1
DA:128,0
DA:129,0
DA:133,0
LF:60
LH:46
BRDA:27,0,0,0
BRDA:27,0,1,0
BRDA:35,1,0,0
BRDA:35,1,1,3
BRDA:64,2,0,1
BRDA:64,2,1,0
BRDA:79,3,0,1
BRDA:79,3,1,0
BRDA:80,4,0,0
BRDA:80,4,1,1
BRDA:81,5,0,0
BRDA:81,5,1,1
BRDA:85,6,0,1
BRDA:85,6,1,0
BRDA:85,7,0,1
BRDA:85,7,1,0
BRDA:99,8,0,1
BRDA:99,8,1,2
BRDA:99,9,0,3
BRDA:99,9,1,1
BRDA:101,10,0,1
BRDA:101,10,1,0
BRDA:110,11,0,2
BRDA:110,11,1,1
BRDA:112,12,0,0
BRDA:112,12,1,2
BRDA:112,13,0,2
BRDA:112,13,1,2
BRDA:123,14,0,1
BRDA:123,14,1,2
BRDA:126,15,0,1
BRDA:126,15,1,0
BRDA:128,16,0,0
BRDA:128,16,1,0
BRF:34
BRH:20
end_of_record
TN:
SF:src/executors/log-executor.ts
FN:8,(anonymous_0)
FN:13,(anonymous_1)
FN:18,(anonymous_2)
FNF:3
FNH:3
FNDA:2,(anonymous_0)
FNDA:1,(anonymous_1)
FNDA:1,(anonymous_2)
DA:3,1
DA:4,1
DA:6,1
DA:9,2
DA:10,2
DA:14,1
DA:15,1
DA:19,1
DA:20,1
DA:22,1
DA:24,1
DA:28,1
DA:38,1
DA:40,1
DA:47,1
DA:61,1
LF:16
LH:16
BRDA:10,0,0,2
BRDA:10,0,1,0
BRDA:15,1,0,1
BRDA:15,1,1,1
BRDA:15,1,2,1
BRDA:20,2,0,1
BRDA:20,2,1,0
BRF:7
BRH:5
end_of_record
TN:
SF:src/lib/priority-queue.ts
FN:9,(anonymous_0)
FN:10,(anonymous_1)
FN:11,(anonymous_2)
FN:18,(anonymous_3)
FN:22,(anonymous_4)
FN:24,(anonymous_5)
FN:28,(anonymous_6)
FN:32,(anonymous_7)
FN:36,(anonymous_8)
FN:40,(anonymous_9)
FN:48,(anonymous_10)
FN:65,(anonymous_11)
FN:88,(anonymous_12)
FN:105,(anonymous_13)
FN:109,(anonymous_14)
FN:117,(anonymous_15)
FN:121,(anonymous_16)
FN:129,(anonymous_17)
FN:133,(anonymous_18)
FN:145,(anonymous_19)
FN:146,(anonymous_20)
FN:149,(anonymous_21)
FN:154,(anonymous_22)
FNF:23
FNH:19
FNDA:13,(anonymous_0)
FNDA:7,(anonymous_1)
FNDA:6,(anonymous_2)
FNDA:8,(anonymous_3)
FNDA:7,(anonymous_4)
FNDA:0,(anonymous_5)
FNDA:84,(anonymous_6)
FNDA:14,(anonymous_7)
FNDA:15,(anonymous_8)
FNDA:12,(anonymous_9)
FNDA:6,(anonymous_10)
FNDA:1,(anonymous_11)
FNDA:1,(anonymous_12)
FNDA:6,(anonymous_13)
FNDA:6,(anonymous_14)
FNDA:12,(anonymous_15)
FNDA:13,(anonymous_16)
FNDA:6,(anonymous_17)
FNDA:6,(anonymous_18)
FNDA:0,(anonymous_19)
FNDA:0,(anonymous_20)
FNDA:0,(anonymous_21)
FNDA:7,(anonymous_22)
DA:8,2
DA:9,13
DA:10,7
DA:11,6
DA:13,2
DA:19,8
DA:20,8
DA:21,8
DA:22,8
DA:24,0
DA:29,84
DA:33,14
DA:37,15
DA:41,12
DA:42,12
DA:43,12
DA:44,12
DA:45,12
DA:49,6
DA:50,0
DA:52,6
DA:53,6
DA:54,6
DA:55,2
DA:57,6
DA:58,6
DA:59,6
DA:61,6
DA:62,6
DA:66,1
DA:67,1
DA:68,0
DA:71,1
DA:72,1
DA:73,0
DA:75,1
DA:76,1
DA:79,1
DA:80,0
DA:81,0
DA:82,0
DA:85,1
DA:89,1
DA:90,1
DA:91,0
DA:92,0
DA:95,1
DA:96,1
DA:98,1
DA:99,1
DA:101,0
DA:106,6
DA:110,6
DA:111,6
DA:112,6
DA:113,6
DA:114,6
DA:118,12
DA:122,13
DA:123,13
DA:124,4
DA:125,4
DA:130,6
DA:134,6
DA:135,6
DA:139,0
DA:140,0
DA:141,0
DA:146,0
DA:150,0
DA:151,0
DA:155,7
DA:156,7
DA:157,2
DA:159,5
LF:75
LH:59
BRDA:21,0,0,8
BRDA:21,0,1,0
BRDA:37,1,0,14
BRDA:37,1,1,1
BRDA:49,2,0,0
BRDA:49,2,1,6
BRDA:54,3,0,2
BRDA:54,3,1,4
BRDA:58,4,0,6
BRDA:58,4,1,0
BRDA:67,5,0,0
BRDA:67,5,1,1
BRDA:72,6,0,0
BRDA:72,6,1,1
BRDA:79,7,0,0
BRDA:79,7,1,1
BRDA:90,8,0,0
BRDA:90,8,1,1
BRDA:98,9,0,1
BRDA:98,9,1,0
BRDA:123,10,0,17
BRDA:123,10,1,5
BRDA:136,11,0,6
BRDA:136,11,1,1
BRDA:136,11,2,6
BRDA:136,11,3,0
BRDA:139,12,0,0
BRDA:139,12,1,0
BRDA:139,13,0,0
BRDA:139,13,1,0
BRDA:156,14,0,2
BRDA:156,14,1,5
BRF:32
BRH:19
end_of_record
TN:
SF:src/lib/utils.ts
FN:10,getProperty
FN:11,(anonymous_1)
FN:22,itemMatchesPattern
FN:44,createAtomId
FN:56,cosineSimilarity
FNF:5
FNH:4
FNDA:14,getProperty
FNDA:21,(anonymous_1)
FNDA:7,itemMatchesPattern
FNDA:3,createAtomId
FNDA:0,cosineSimilarity
DA:8,1
DA:10,1
DA:11,21
DA:22,1
DA:23,7
DA:24,7
DA:25,14
DA:27,14
DA:28,14
DA:29,14
DA:31,14
DA:32,4
DA:35,3
DA:44,1
DA:45,3
DA:46,3
DA:47,3
DA:56,1
DA:57,0
DA:58,0
DA:60,0
DA:61,0
DA:62,0
DA:63,0
DA:64,0
DA:65,0
DA:66,0
DA:68,0
DA:69,0
DA:71,0
LF:30
LH:18
BRDA:11,0,0,17
BRDA:11,0,1,4
BRDA:11,1,0,21
BRDA:11,1,1,21
BRDA:23,2,0,0
BRDA:23,2,1,7
BRDA:27,3,0,7
BRDA:27,3,1,7
BRDA:28,4,0,7
BRDA:28,4,1,7
BRDA:31,5,0,4
BRDA:31,5,1,10
BRDA:57,6,0,0
BRDA:57,6,1,0
BRDA:57,7,0,0
BRDA:57,7,1,0
BRDA:68,8,0,0
BRDA:68,8,1,0
BRDA:68,9,0,0
BRDA:68,9,1,0
BRF:20
BRH:11
end_of_record
TN:
SF:src/modules/attention.ts
FN:10,(anonymous_0)
FN:15,(anonymous_1)
FN:24,(anonymous_2)
FN:25,(anonymous_3)
FN:36,(anonymous_4)
FN:56,(anonymous_5)
FN:61,(anonymous_6)
FN:64,(anonymous_7)
FN:78,(anonymous_8)
FNF:9
FNH:4
FNDA:0,(anonymous_0)
FNDA:1,(anonymous_1)
FNDA:2,(anonymous_2)
FNDA:2,(anonymous_3)
FNDA:3,(anonymous_4)
FNDA:0,(anonymous_5)
FNDA:0,(anonymous_6)
FNDA:0,(anonymous_7)
FNDA:0,(anonymous_8)
DA:4,1
DA:5,1
DA:6,1
DA:8,1
DA:12,0
DA:20,1
DA:21,0
DA:24,2
DA:25,2
DA:28,1
DA:30,1
DA:37,3
DA:38,4
DA:39,4
DA:41,4
DA:46,4
DA:48,4
DA:49,0
DA:51,4
DA:57,0
DA:58,0
DA:61,0
DA:62,0
DA:64,0
DA:65,0
DA:66,0
DA:70,0
DA:71,0
DA:74,0
DA:77,0
DA:78,0
DA:79,0
DA:80,0
DA:84,0
DA:85,0
DA:88,0
LF:36
LH:16
BRDA:18,0,0,0
BRDA:20,1,0,0
BRDA:20,1,1,1
BRDA:48,2,0,0
BRDA:48,2,1,4
BRDA:67,3,0,0
BRDA:67,3,1,0
BRDA:81,4,0,0
BRDA:81,4,1,0
BRF:9
BRH:2
end_of_record
TN:
SF:src/modules/goal-tree-manager.ts
FN:5,(anonymous_0)
FN:11,(anonymous_1)
FN:23,(anonymous_2)
FN:31,(anonymous_3)
FN:46,(anonymous_4)
FNF:5
FNH:1
FNDA:0,(anonymous_0)
FNDA:1,(anonymous_1)
FNDA:0,(anonymous_2)
FNDA:0,(anonymous_3)
FNDA:0,(anonymous_4)
DA:4,1
DA:8,0
DA:12,1
DA:13,1
DA:15,0
DA:17,0
DA:18,0
DA:20,0
DA:22,0
DA:23,0
DA:26,0
DA:27,0
DA:32,0
DA:33,0
DA:35,0
DA:37,0
DA:38,0
DA:40,0
DA:41,0
DA:42,0
DA:47,0
DA:48,0
DA:50,0
DA:51,0
DA:52,0
DA:53,0
DA:56,0
LF:27
LH:3
BRDA:13,0,0,1
BRDA:13,0,1,0
BRDA:13,1,0,1
BRDA:13,1,1,1
BRDA:13,1,2,1
BRDA:18,2,0,0
BRDA:18,2,1,0
BRDA:26,3,0,0
BRDA:26,3,1,0
BRDA:33,4,0,0
BRDA:33,4,1,0
BRDA:33,5,0,0
BRDA:33,5,1,0
BRDA:33,5,2,0
BRDA:38,6,0,0
BRDA:38,6,1,0
BRDA:41,7,0,0
BRDA:41,7,1,0
BRDA:41,8,0,0
BRDA:41,8,1,0
BRDA:50,9,0,0
BRDA:50,9,1,0
BRF:22
BRH:4
end_of_record
TN:
SF:src/modules/resonance.ts
FN:11,(anonymous_0)
FN:23,(anonymous_1)
FN:32,(anonymous_2)
FN:45,(anonymous_3)
FN:47,(anonymous_4)
FN:50,(anonymous_5)
FNF:6
FNH:4
FNDA:3,(anonymous_0)
FNDA:0,(anonymous_1)
FNDA:3,(anonymous_2)
FNDA:0,(anonymous_3)
FNDA:1,(anonymous_4)
FNDA:1,(anonymous_5)
DA:3,1
DA:10,1
DA:12,3
DA:13,3
DA:14,0
DA:15,0
DA:18,3
DA:21,3
DA:22,0
DA:23,0
DA:24,0
DA:25,0
DA:31,3
DA:32,3
DA:33,3
DA:34,1
DA:39,3
DA:40,3
DA:41,1
DA:42,1
DA:45,3
DA:47,3
DA:51,1
DA:52,1
DA:55,1
DA:56,1
DA:57,1
DA:60,1
DA:61,1
DA:62,0
DA:66,1
DA:69,1
DA:72,1
DA:74,1
LF:34
LH:27
BRDA:13,0,0,0
BRDA:13,0,1,3
BRDA:21,1,0,0
BRDA:21,1,1,3
BRDA:21,2,0,3
BRDA:21,2,1,3
BRDA:24,3,0,0
BRDA:24,3,1,0
BRDA:33,4,0,1
BRDA:33,4,1,2
BRDA:52,5,0,0
BRDA:52,5,1,1
BRDA:61,6,0,0
BRDA:61,6,1,1
BRDA:61,7,0,1
BRDA:61,7,1,1
BRDA:61,7,2,0
BRDA:61,7,3,0
BRF:18
BRH:10
end_of_record
TN:
SF:src/modules/schema-matcher.ts
FN:10,(anonymous_0)
FN:15,(anonymous_1)
FN:41,(anonymous_2)
FNF:3
FNH:3
FNDA:5,(anonymous_0)
FNDA:1,(anonymous_1)
FNDA:4,(anonymous_2)
DA:3,1
DA:5,1
DA:6,1
DA:8,1
DA:12,5
DA:16,1
DA:17,0
DA:20,1
DA:23,1
DA:24,1
DA:25,1
DA:26,1
DA:27,1
DA:29,1
DA:30,1
DA:31,1
DA:32,1
DA:33,1
DA:37,1
DA:38,1
DA:42,4
DA:43,4
DA:44,4
DA:46,4
DA:47,0
DA:51,4
DA:52,4
DA:54,4
DA:55,3
DA:56,3
DA:58,3
DA:61,3
DA:62,1
DA:63,2
DA:64,0
DA:68,4
LF:36
LH:33
BRDA:16,0,0,0
BRDA:16,0,1,1
BRDA:16,1,0,1
BRDA:16,1,1,1
BRDA:16,1,2,1
BRDA:24,2,0,1
BRDA:24,2,1,0
BRDA:29,3,0,1
BRDA:29,3,1,0
BRDA:29,4,0,1
BRDA:29,4,1,1
BRDA:31,5,0,1
BRDA:31,5,1,1
BRDA:46,6,0,0
BRDA:46,6,1,4
BRDA:46,7,0,4
BRDA:46,7,1,4
BRDA:52,8,0,4
BRDA:52,8,1,1
BRDA:56,9,0,0
BRDA:56,9,1,3
BRDA:61,10,0,1
BRDA:61,10,1,2
BRDA:61,11,0,3
BRDA:61,11,1,1
BRDA:63,12,0,0
BRDA:63,12,1,2
BRDA:63,13,0,2
BRDA:63,13,1,1
BRF:29
BRH:23
end_of_record
TN:
SF:src/schemas/oven-safety-schema.ts
FN:29,(anonymous_0)
FNF:1
FNH:1
FNDA:1,(anonymous_0)
DA:3,1
DA:4,1
DA:6,1
DA:27,1
DA:31,1
DA:32,1
DA:42,1
DA:49,1
DA:63,1
LF:9
LH:9
BRF:0
BRH:0
end_of_record
TN:
SF:src/transducers/text-transducer.ts
FN:8,(anonymous_0)
FNF:1
FNH:1
FNDA:1,(anonymous_0)
DA:3,1
DA:4,1
DA:6,1
DA:9,1
DA:10,0
DA:13,1
DA:15,1
DA:19,1
DA:29,1
DA:31,1
DA:38,1
DA:53,1
LF:12
LH:11
BRDA:9,0,0,0
BRDA:9,0,1,1
BRDA:23,1,0,1
BRDA:23,1,1,0
BRDA:24,2,0,1
BRDA:24,2,1,0
BRF:6
BRH:3
end_of_record
