TN:
SF:src/components/agenda.ts
FN:11,(anonymous_0)
FN:16,(anonymous_1)
FN:27,(anonymous_2)
FN:35,(anonymous_3)
FN:41,(anonymous_4)
FN:46,(anonymous_5)
FN:51,(anonymous_6)
FN:55,(anonymous_7)
FN:63,(anonymous_8)
FN:72,(anonymous_9)
FN:76,(anonymous_10)
FNF:11
FNH:9
FNDA:7,(anonymous_0)
FNDA:10,(anonymous_1)
FNDA:5,(anonymous_2)
FNDA:1,(anonymous_3)
FNDA:1,(anonymous_4)
FNDA:6,(anonymous_5)
FNDA:10,(anonymous_6)
FNDA:1,(anonymous_7)
FNDA:2,(anonymous_8)
FNDA:0,(anonymous_9)
FNDA:0,(anonymous_10)
DA:3,1
DA:7,1
DA:9,7
DA:13,7
DA:17,10
DA:18,1
DA:19,1
DA:20,1
DA:21,1
DA:24,9
DA:28,5
DA:29,2
DA:31,3
DA:32,3
DA:36,1
DA:37,1
DA:38,0
DA:41,1
DA:42,1
DA:47,6
DA:48,6
DA:52,10
DA:56,1
DA:57,1
DA:58,1
DA:59,1
DA:64,2
DA:65,2
DA:66,1
DA:68,1
DA:73,0
DA:77,0
LF:32
LH:29
BRDA:17,0,0,1
BRDA:17,0,1,9
BRDA:19,1,0,1
BRDA:19,1,1,0
BRDA:28,2,0,2
BRDA:28,2,1,3
BRDA:32,3,0,3
BRDA:32,3,1,0
BRDA:37,4,0,0
BRDA:37,4,1,1
BRDA:48,5,0,5
BRDA:48,5,1,1
BRDA:57,6,0,1
BRDA:57,6,1,0
BRDA:65,7,0,1
BRDA:65,7,1,1
BRF:16
BRH:12
end_of_record
TN:
SF:src/lib/priority-queue.ts
FN:9,(anonymous_0)
FN:10,(anonymous_1)
FN:11,(anonymous_2)
FN:18,(anonymous_3)
FN:22,(anonymous_4)
FN:24,(anonymous_5)
FN:28,(anonymous_6)
FN:32,(anonymous_7)
FN:36,(anonymous_8)
FN:40,(anonymous_9)
FN:48,(anonymous_10)
FN:65,(anonymous_11)
FN:88,(anonymous_12)
FN:105,(anonymous_13)
FN:109,(anonymous_14)
FN:117,(anonymous_15)
FN:121,(anonymous_16)
FN:129,(anonymous_17)
FN:133,(anonymous_18)
FN:145,(anonymous_19)
FN:146,(anonymous_20)
FN:149,(anonymous_21)
FN:154,(anonymous_22)
FNF:23
FNH:19
FNDA:13,(anonymous_0)
FNDA:4,(anonymous_1)
FNDA:3,(anonymous_2)
FNDA:7,(anonymous_3)
FNDA:7,(anonymous_4)
FNDA:0,(anonymous_5)
FNDA:56,(anonymous_6)
FNDA:8,(anonymous_7)
FNDA:9,(anonymous_8)
FNDA:9,(anonymous_9)
FNDA:3,(anonymous_10)
FNDA:1,(anonymous_11)
FNDA:1,(anonymous_12)
FNDA:6,(anonymous_13)
FNDA:6,(anonymous_14)
FNDA:9,(anonymous_15)
FNDA:10,(anonymous_16)
FNDA:3,(anonymous_17)
FNDA:3,(anonymous_18)
FNDA:0,(anonymous_19)
FNDA:0,(anonymous_20)
FNDA:0,(anonymous_21)
FNDA:3,(anonymous_22)
DA:8,1
DA:9,13
DA:10,4
DA:11,3
DA:13,1
DA:19,7
DA:20,7
DA:21,7
DA:22,7
DA:24,0
DA:29,56
DA:33,8
DA:37,9
DA:41,9
DA:42,9
DA:43,9
DA:44,9
DA:45,9
DA:49,3
DA:50,0
DA:52,3
DA:53,3
DA:54,3
DA:55,2
DA:57,3
DA:58,3
DA:59,3
DA:61,3
DA:62,3
DA:66,1
DA:67,1
DA:68,0
DA:71,1
DA:72,1
DA:73,0
DA:75,1
DA:76,1
DA:79,1
DA:80,0
DA:81,0
DA:82,0
DA:85,1
DA:89,1
DA:90,1
DA:91,0
DA:92,0
DA:95,1
DA:96,1
DA:98,1
DA:99,1
DA:101,0
DA:106,6
DA:110,6
DA:111,6
DA:112,6
DA:113,6
DA:114,6
DA:118,9
DA:122,10
DA:123,10
DA:124,4
DA:125,4
DA:130,3
DA:134,3
DA:135,3
DA:139,0
DA:140,0
DA:141,0
DA:146,0
DA:150,0
DA:151,0
DA:155,3
DA:156,3
DA:157,2
DA:159,1
LF:75
LH:59
BRDA:21,0,0,7
BRDA:21,0,1,0
BRDA:37,1,0,8
BRDA:37,1,1,1
BRDA:49,2,0,0
BRDA:49,2,1,3
BRDA:54,3,0,2
BRDA:54,3,1,1
BRDA:58,4,0,3
BRDA:58,4,1,0
BRDA:67,5,0,0
BRDA:67,5,1,1
BRDA:72,6,0,0
BRDA:72,6,1,1
BRDA:79,7,0,0
BRDA:79,7,1,1
BRDA:90,8,0,0
BRDA:90,8,1,1
BRDA:98,9,0,1
BRDA:98,9,1,0
BRDA:123,10,0,14
BRDA:123,10,1,5
BRDA:136,11,0,3
BRDA:136,11,1,1
BRDA:136,11,2,3
BRDA:136,11,3,0
BRDA:139,12,0,0
BRDA:139,12,1,0
BRDA:139,13,0,0
BRDA:139,13,1,0
BRDA:156,14,0,2
BRDA:156,14,1,1
BRF:32
BRH:19
end_of_record
